[ 2016-06-21T06:13:40+08:00 ] 127.0.0.1 /mytyk/index.php/Home/User/login
INFO: [ app_init ] --START--
INFO: Run Behavior\BuildLiteBehavior [ RunTime:0.001000s ]
INFO: [ app_init ] --END-- [ RunTime:0.006000s ]
INFO: [ app_begin ] --START--
INFO: Run Behavior\ReadHtmlCacheBehavior [ RunTime:0.002000s ]
INFO: [ app_begin ] --END-- [ RunTime:0.004001s ]
INFO: [ app_end ] --START--
INFO: Run Behavior\ShowPageTraceBehavior [ RunTime:0.024001s ]
INFO: [ app_end ] --END-- [ RunTime:0.030001s ]

[ 2016-06-21T06:13:46+08:00 ] 127.0.0.1 /mytyk/index.php/Home/Menu/menu
INFO: [ app_init ] --START--
INFO: Run Behavior\BuildLiteBehavior [ RunTime:0.000000s ]
INFO: [ app_init ] --END-- [ RunTime:0.004000s ]
INFO: [ app_begin ] --START--
INFO: Run Behavior\ReadHtmlCacheBehavior [ RunTime:0.002000s ]
INFO: [ app_begin ] --END-- [ RunTime:0.004000s ]
SQL: SHOW COLUMNS FROM `menu` [ RunTime:0.0050s ]
INFO: [ view_parse ] --START--
INFO: [ template_filter ] --START--
INFO: Run Behavior\ContentReplaceBehavior [ RunTime:0.018001s ]
INFO: [ template_filter ] --END-- [ RunTime:0.020001s ]
INFO: Run Behavior\ParseTemplateBehavior [ RunTime:0.095005s ]
INFO: [ view_parse ] --END-- [ RunTime:0.100006s ]
INFO: [ view_filter ] --START--
INFO: Run Behavior\WriteHtmlCacheBehavior [ RunTime:0.019001s ]
INFO: [ view_filter ] --END-- [ RunTime:0.022002s ]
INFO: [ app_end ] --START--
INFO: Run Behavior\ShowPageTraceBehavior [ RunTime:0.002000s ]
INFO: [ app_end ] --END-- [ RunTime:0.005000s ]

[ 2016-06-21T06:13:47+08:00 ] 127.0.0.1 /mytyk/index.php/Home/Menu/loadMenuByPag/pageNo/1/pageSize/10?page=1&rows=10
INFO: [ app_init ] --START--
INFO: Run Behavior\BuildLiteBehavior [ RunTime:0.000000s ]
INFO: [ app_init ] --END-- [ RunTime:0.003000s ]
INFO: [ app_begin ] --START--
INFO: Run Behavior\ReadHtmlCacheBehavior [ RunTime:0.001000s ]
INFO: [ app_begin ] --END-- [ RunTime:0.004000s ]
SQL: SHOW COLUMNS FROM `menu` [ RunTime:0.0170s ]
SQL: SHOW COLUMNS FROM `menu` [ RunTime:0.0030s ]
SQL: SELECT m.menuid,m.name mname,m.url,m2.name m2name,m.isshow FROM menu m,menu m2 WHERE ( m.parentid = m2.menuid ) LIMIT 0,10   [ RunTime:0.0020s ]
SQL: SHOW COLUMNS FROM `menu` [ RunTime:0.0020s ]
SQL: SELECT count(*) total FROM menu m,menu m2 WHERE ( m.parentid = m2.menuid )  [ RunTime:0.0010s ]

[ 2016-06-21T06:13:51+08:00 ] 127.0.0.1 /mytyk/index.php/Home/Menu/load12Menu
INFO: [ app_init ] --START--
INFO: Run Behavior\BuildLiteBehavior [ RunTime:0.000000s ]
INFO: [ app_init ] --END-- [ RunTime:0.005000s ]
INFO: [ app_begin ] --START--
INFO: Run Behavior\ReadHtmlCacheBehavior [ RunTime:0.002000s ]
INFO: [ app_begin ] --END-- [ RunTime:0.004000s ]
SQL: SHOW COLUMNS FROM `menu` [ RunTime:0.0020s ]
SQL: SELECT `menuid`,`name` FROM `menu` WHERE ( parentid=-1 )  [ RunTime:0.0010s ]
SQL: SELECT `menuid`,`name` FROM `menu` WHERE ( parentid=1 )  [ RunTime:0.0010s ]

[ 2016-06-21T06:13:52+08:00 ] 127.0.0.1 /mytyk/index.php/Home/Menu/loadMenuByID/menuid/7
INFO: [ app_init ] --START--
INFO: Run Behavior\BuildLiteBehavior [ RunTime:0.002000s ]
INFO: [ app_init ] --END-- [ RunTime:0.017001s ]
INFO: [ app_begin ] --START--
INFO: Run Behavior\ReadHtmlCacheBehavior [ RunTime:0.002000s ]
INFO: [ app_begin ] --END-- [ RunTime:0.004000s ]
SQL: SHOW COLUMNS FROM `menu` [ RunTime:0.0070s ]
SQL: SELECT * FROM `menu` WHERE ( menuid = 7 ) LIMIT 1   [ RunTime:0.0010s ]

[ 2016-06-21T06:14:01+08:00 ] 127.0.0.1 /mytyk/index.php/Home/Menu/load12Menu
INFO: [ app_init ] --START--
INFO: Run Behavior\BuildLiteBehavior [ RunTime:0.000000s ]
INFO: [ app_init ] --END-- [ RunTime:0.004000s ]
INFO: [ app_begin ] --START--
INFO: Run Behavior\ReadHtmlCacheBehavior [ RunTime:0.002001s ]
INFO: [ app_begin ] --END-- [ RunTime:0.004001s ]
SQL: SHOW COLUMNS FROM `menu` [ RunTime:0.0060s ]
SQL: SELECT `menuid`,`name` FROM `menu` WHERE ( parentid=-1 )  [ RunTime:0.0010s ]
SQL: SELECT `menuid`,`name` FROM `menu` WHERE ( parentid=1 )  [ RunTime:0.0010s ]

[ 2016-06-21T06:14:02+08:00 ] 127.0.0.1 /mytyk/index.php/Home/Menu/loadMenuByID/menuid/11
INFO: [ app_init ] --START--
INFO: Run Behavior\BuildLiteBehavior [ RunTime:0.001000s ]
INFO: [ app_init ] --END-- [ RunTime:0.003000s ]
INFO: [ app_begin ] --START--
INFO: Run Behavior\ReadHtmlCacheBehavior [ RunTime:0.003000s ]
INFO: [ app_begin ] --END-- [ RunTime:0.005000s ]
SQL: SHOW COLUMNS FROM `menu` [ RunTime:0.0060s ]
SQL: SELECT * FROM `menu` WHERE ( menuid = 11 ) LIMIT 1   [ RunTime:0.0010s ]

[ 2016-06-21T06:14:06+08:00 ] 127.0.0.1 /mytyk/index.php/Home/Menu/loadMenuByPag/pageNo/2/pageSize/10
INFO: [ app_init ] --START--
INFO: Run Behavior\BuildLiteBehavior [ RunTime:0.001000s ]
INFO: [ app_init ] --END-- [ RunTime:0.003000s ]
INFO: [ app_begin ] --START--
INFO: Run Behavior\ReadHtmlCacheBehavior [ RunTime:0.002000s ]
INFO: [ app_begin ] --END-- [ RunTime:0.003000s ]
SQL: SHOW COLUMNS FROM `menu` [ RunTime:0.0060s ]
SQL: SHOW COLUMNS FROM `menu` [ RunTime:0.0050s ]
SQL: SELECT m.menuid,m.name mname,m.url,m2.name m2name,m.isshow FROM menu m,menu m2 WHERE ( m.parentid = m2.menuid ) LIMIT 10,10   [ RunTime:0.0010s ]
SQL: SHOW COLUMNS FROM `menu` [ RunTime:0.0030s ]
SQL: SELECT count(*) total FROM menu m,menu m2 WHERE ( m.parentid = m2.menuid )  [ RunTime:0.0010s ]

[ 2016-06-21T06:14:08+08:00 ] 127.0.0.1 /mytyk/index.php/Home/Menu/loadMenuByPag/pageNo/3/pageSize/10
INFO: [ app_init ] --START--
INFO: Run Behavior\BuildLiteBehavior [ RunTime:0.000000s ]
INFO: [ app_init ] --END-- [ RunTime:0.004000s ]
INFO: [ app_begin ] --START--
INFO: Run Behavior\ReadHtmlCacheBehavior [ RunTime:0.002000s ]
INFO: [ app_begin ] --END-- [ RunTime:0.004000s ]
SQL: SHOW COLUMNS FROM `menu` [ RunTime:0.0110s ]
SQL: SHOW COLUMNS FROM `menu` [ RunTime:0.0040s ]
SQL: SELECT m.menuid,m.name mname,m.url,m2.name m2name,m.isshow FROM menu m,menu m2 WHERE ( m.parentid = m2.menuid ) LIMIT 20,10   [ RunTime:0.0010s ]
SQL: SHOW COLUMNS FROM `menu` [ RunTime:0.0030s ]
SQL: SELECT count(*) total FROM menu m,menu m2 WHERE ( m.parentid = m2.menuid )  [ RunTime:0.0010s ]

[ 2016-06-21T06:14:12+08:00 ] 127.0.0.1 /mytyk/index.php/Home/Menu/load12Menu
INFO: [ app_init ] --START--
INFO: Run Behavior\BuildLiteBehavior [ RunTime:0.000000s ]
INFO: [ app_init ] --END-- [ RunTime:0.004001s ]
INFO: [ app_begin ] --START--
INFO: Run Behavior\ReadHtmlCacheBehavior [ RunTime:0.002000s ]
INFO: [ app_begin ] --END-- [ RunTime:0.004000s ]
SQL: SHOW COLUMNS FROM `menu` [ RunTime:0.0080s ]
SQL: SELECT `menuid`,`name` FROM `menu` WHERE ( parentid=-1 )  [ RunTime:0.0010s ]
SQL: SELECT `menuid`,`name` FROM `menu` WHERE ( parentid=1 )  [ RunTime:0.0010s ]

[ 2016-06-21T06:14:13+08:00 ] 127.0.0.1 /mytyk/index.php/Home/Menu/loadMenuByID/menuid/25
INFO: [ app_init ] --START--
INFO: Run Behavior\BuildLiteBehavior [ RunTime:0.001000s ]
INFO: [ app_init ] --END-- [ RunTime:0.004000s ]
INFO: [ app_begin ] --START--
INFO: Run Behavior\ReadHtmlCacheBehavior [ RunTime:0.002000s ]
INFO: [ app_begin ] --END-- [ RunTime:0.004000s ]
SQL: SHOW COLUMNS FROM `menu` [ RunTime:0.0060s ]
SQL: SELECT * FROM `menu` WHERE ( menuid = 25 ) LIMIT 1   [ RunTime:0.0010s ]

[ 2016-06-21T06:14:17+08:00 ] 127.0.0.1 /mytyk/index.php/Home/Menu/addMenu
INFO: [ app_init ] --START--
INFO: Run Behavior\BuildLiteBehavior [ RunTime:0.000000s ]
INFO: [ app_init ] --END-- [ RunTime:0.007001s ]
INFO: [ app_begin ] --START--
INFO: Run Behavior\ReadHtmlCacheBehavior [ RunTime:0.003000s ]
INFO: [ app_begin ] --END-- [ RunTime:0.007000s ]
SQL: SHOW COLUMNS FROM `menu` [ RunTime:0.0060s ]
SQL: UPDATE `menu` SET `name`='asdaaaa',`url`='asd',`parentid`='7',`isshow`='1' WHERE ( menuid = 25 ) [ RunTime:0.0920s ]
INFO: [ app_end ] --START--
INFO: Run Behavior\ShowPageTraceBehavior [ RunTime:0.002000s ]
INFO: [ app_end ] --END-- [ RunTime:0.004000s ]

[ 2016-06-21T06:14:19+08:00 ] 127.0.0.1 /mytyk/index.php/Home/Menu/loadMenuByPag/pageNo/1/pageSize/10
INFO: [ app_init ] --START--
INFO: Run Behavior\BuildLiteBehavior [ RunTime:0.001000s ]
INFO: [ app_init ] --END-- [ RunTime:0.005000s ]
INFO: [ app_begin ] --START--
INFO: Run Behavior\ReadHtmlCacheBehavior [ RunTime:0.003000s ]
INFO: [ app_begin ] --END-- [ RunTime:0.005000s ]
SQL: SHOW COLUMNS FROM `menu` [ RunTime:0.0050s ]
SQL: SHOW COLUMNS FROM `menu` [ RunTime:0.0060s ]
SQL: SELECT m.menuid,m.name mname,m.url,m2.name m2name,m.isshow FROM menu m,menu m2 WHERE ( m.parentid = m2.menuid ) LIMIT 0,10   [ RunTime:0.0010s ]
SQL: SHOW COLUMNS FROM `menu` [ RunTime:0.0030s ]
SQL: SELECT count(*) total FROM menu m,menu m2 WHERE ( m.parentid = m2.menuid )  [ RunTime:0.0010s ]

[ 2016-06-21T06:14:21+08:00 ] 127.0.0.1 /mytyk/index.php/Home/Menu/loadMenuByPag/pageNo/3/pageSize/10
INFO: [ app_init ] --START--
INFO: Run Behavior\BuildLiteBehavior [ RunTime:0.000000s ]
INFO: [ app_init ] --END-- [ RunTime:0.003000s ]
INFO: [ app_begin ] --START--
INFO: Run Behavior\ReadHtmlCacheBehavior [ RunTime:0.002000s ]
INFO: [ app_begin ] --END-- [ RunTime:0.004000s ]
SQL: SHOW COLUMNS FROM `menu` [ RunTime:0.0070s ]
SQL: SHOW COLUMNS FROM `menu` [ RunTime:0.0030s ]
SQL: SELECT m.menuid,m.name mname,m.url,m2.name m2name,m.isshow FROM menu m,menu m2 WHERE ( m.parentid = m2.menuid ) LIMIT 20,10   [ RunTime:0.0010s ]
SQL: SHOW COLUMNS FROM `menu` [ RunTime:0.0030s ]
SQL: SELECT count(*) total FROM menu m,menu m2 WHERE ( m.parentid = m2.menuid )  [ RunTime:0.0010s ]

[ 2016-06-21T06:14:28+08:00 ] 127.0.0.1 /mytyk/index.php/Home/Menu/cancelMenu
INFO: [ app_init ] --START--
INFO: Run Behavior\BuildLiteBehavior [ RunTime:0.001000s ]
INFO: [ app_init ] --END-- [ RunTime:0.003000s ]
INFO: [ app_begin ] --START--
INFO: Run Behavior\ReadHtmlCacheBehavior [ RunTime:0.002000s ]
INFO: [ app_begin ] --END-- [ RunTime:0.004000s ]
SQL: SHOW COLUMNS FROM `menu` [ RunTime:0.0080s ]
ERR: Think\Model:cancelMenu方法不存在！
NOTIC: [2] Cannot modify header information - headers already sent by (output started at C:\Program Files (x86)\webphp\mytyk\ThinkPHP\Common\functions.php:102) C:\Program Files (x86)\webphp\mytyk\ThinkPHP\Library\Think\Think.class.php 第 229 行.
NOTIC: [2] Cannot modify header information - headers already sent by (output started at C:\Program Files (x86)\webphp\mytyk\ThinkPHP\Common\functions.php:102) C:\Program Files (x86)\webphp\mytyk\ThinkPHP\Library\Think\Think.class.php 第 230 行.

[ 2016-06-21T06:14:29+08:00 ] 127.0.0.1 /mytyk/index.php/Home/Menu/loadMenuByPag/pageNo/1/pageSize/10
INFO: [ app_init ] --START--
INFO: Run Behavior\BuildLiteBehavior [ RunTime:0.000000s ]
INFO: [ app_init ] --END-- [ RunTime:0.004000s ]
INFO: [ app_begin ] --START--
INFO: Run Behavior\ReadHtmlCacheBehavior [ RunTime:0.002000s ]
INFO: [ app_begin ] --END-- [ RunTime:0.004000s ]
SQL: SHOW COLUMNS FROM `menu` [ RunTime:0.0050s ]
SQL: SHOW COLUMNS FROM `menu` [ RunTime:0.0050s ]
SQL: SELECT m.menuid,m.name mname,m.url,m2.name m2name,m.isshow FROM menu m,menu m2 WHERE ( m.parentid = m2.menuid ) LIMIT 0,10   [ RunTime:0.0010s ]
SQL: SHOW COLUMNS FROM `menu` [ RunTime:0.0030s ]
SQL: SELECT count(*) total FROM menu m,menu m2 WHERE ( m.parentid = m2.menuid )  [ RunTime:0.0000s ]

[ 2016-06-21T06:14:32+08:00 ] 127.0.0.1 /mytyk/index.php/Home/Menu/loadMenuByPag/pageNo/3/pageSize/10
INFO: [ app_init ] --START--
INFO: Run Behavior\BuildLiteBehavior [ RunTime:0.001000s ]
INFO: [ app_init ] --END-- [ RunTime:0.003001s ]
INFO: [ app_begin ] --START--
INFO: Run Behavior\ReadHtmlCacheBehavior [ RunTime:0.002000s ]
INFO: [ app_begin ] --END-- [ RunTime:0.004000s ]
SQL: SHOW COLUMNS FROM `menu` [ RunTime:0.0080s ]
SQL: SHOW COLUMNS FROM `menu` [ RunTime:0.0040s ]
SQL: SELECT m.menuid,m.name mname,m.url,m2.name m2name,m.isshow FROM menu m,menu m2 WHERE ( m.parentid = m2.menuid ) LIMIT 20,10   [ RunTime:0.0010s ]
SQL: SHOW COLUMNS FROM `menu` [ RunTime:0.0030s ]
SQL: SELECT count(*) total FROM menu m,menu m2 WHERE ( m.parentid = m2.menuid )  [ RunTime:0.0010s ]

[ 2016-06-21T06:20:01+08:00 ] 127.0.0.1 /mytyk/index.php/Home/Menu/menu
INFO: [ app_init ] --START--
INFO: Run Behavior\BuildLiteBehavior [ RunTime:0.001000s ]
INFO: [ app_init ] --END-- [ RunTime:0.007001s ]
INFO: [ app_begin ] --START--
INFO: Run Behavior\ReadHtmlCacheBehavior [ RunTime:0.003000s ]
INFO: [ app_begin ] --END-- [ RunTime:0.007001s ]
SQL: SHOW COLUMNS FROM `menu` [ RunTime:0.0030s ]
INFO: [ view_parse ] --START--
INFO: [ template_filter ] --START--
INFO: Run Behavior\ContentReplaceBehavior [ RunTime:0.001000s ]
INFO: [ template_filter ] --END-- [ RunTime:0.003000s ]
INFO: Run Behavior\ParseTemplateBehavior [ RunTime:0.049003s ]
INFO: [ view_parse ] --END-- [ RunTime:0.054003s ]
INFO: [ view_filter ] --START--
INFO: Run Behavior\WriteHtmlCacheBehavior [ RunTime:0.002000s ]
INFO: [ view_filter ] --END-- [ RunTime:0.006001s ]
INFO: [ app_end ] --START--
INFO: Run Behavior\ShowPageTraceBehavior [ RunTime:0.002000s ]
INFO: [ app_end ] --END-- [ RunTime:0.005000s ]

[ 2016-06-21T06:20:02+08:00 ] 127.0.0.1 /mytyk/index.php/Home/Menu/loadMenuByPag/pageNo/1/pageSize/10?page=1&rows=10
INFO: [ app_init ] --START--
INFO: Run Behavior\BuildLiteBehavior [ RunTime:0.001001s ]
INFO: [ app_init ] --END-- [ RunTime:0.004001s ]
INFO: [ app_begin ] --START--
INFO: Run Behavior\ReadHtmlCacheBehavior [ RunTime:0.003000s ]
INFO: [ app_begin ] --END-- [ RunTime:0.006001s ]
SQL: SHOW COLUMNS FROM `menu` [ RunTime:0.0030s ]
SQL: SHOW COLUMNS FROM `menu` [ RunTime:0.0030s ]
SQL: SELECT m.menuid,m.name mname,m.url,m2.name m2name,m.isshow FROM menu m,menu m2 WHERE ( m.parentid = m2.menuid ) LIMIT 0,10   [ RunTime:0.0010s ]
SQL: SHOW COLUMNS FROM `menu` [ RunTime:0.0040s ]
SQL: SELECT count(*) total FROM menu m,menu m2 WHERE ( m.parentid = m2.menuid )  [ RunTime:0.0000s ]

[ 2016-06-21T06:20:05+08:00 ] 127.0.0.1 /mytyk/index.php/Home/Menu/loadMenuByPag/pageNo/3/pageSize/10
INFO: [ app_init ] --START--
INFO: Run Behavior\BuildLiteBehavior [ RunTime:0.001001s ]
INFO: [ app_init ] --END-- [ RunTime:0.007001s ]
INFO: [ app_begin ] --START--
INFO: Run Behavior\ReadHtmlCacheBehavior [ RunTime:0.003000s ]
INFO: [ app_begin ] --END-- [ RunTime:0.005001s ]
SQL: SHOW COLUMNS FROM `menu` [ RunTime:0.0020s ]
SQL: SHOW COLUMNS FROM `menu` [ RunTime:0.0020s ]
SQL: SELECT m.menuid,m.name mname,m.url,m2.name m2name,m.isshow FROM menu m,menu m2 WHERE ( m.parentid = m2.menuid ) LIMIT 20,10   [ RunTime:0.0010s ]
SQL: SHOW COLUMNS FROM `menu` [ RunTime:0.0020s ]
SQL: SELECT count(*) total FROM menu m,menu m2 WHERE ( m.parentid = m2.menuid )  [ RunTime:0.0010s ]

[ 2016-06-21T06:20:09+08:00 ] 127.0.0.1 /mytyk/index.php/Home/Menu/cancelMenu
INFO: [ app_init ] --START--
INFO: Run Behavior\BuildLiteBehavior [ RunTime:0.000000s ]
INFO: [ app_init ] --END-- [ RunTime:0.004001s ]
INFO: [ app_begin ] --START--
INFO: Run Behavior\ReadHtmlCacheBehavior [ RunTime:0.001000s ]
INFO: [ app_begin ] --END-- [ RunTime:0.003000s ]
SQL: SHOW COLUMNS FROM `menu` [ RunTime:0.0020s ]
SQL: DELETE FROM `menu` WHERE ( menuid in (25) ) [ RunTime:0.0220s ]

[ 2016-06-21T06:20:11+08:00 ] 127.0.0.1 /mytyk/index.php/Home/Menu/loadMenuByPag/pageNo/1/pageSize/10
INFO: [ app_init ] --START--
INFO: Run Behavior\BuildLiteBehavior [ RunTime:0.001000s ]
INFO: [ app_init ] --END-- [ RunTime:0.004000s ]
INFO: [ app_begin ] --START--
INFO: Run Behavior\ReadHtmlCacheBehavior [ RunTime:0.003000s ]
INFO: [ app_begin ] --END-- [ RunTime:0.004000s ]
SQL: SHOW COLUMNS FROM `menu` [ RunTime:0.0020s ]
SQL: SHOW COLUMNS FROM `menu` [ RunTime:0.0030s ]
SQL: SELECT m.menuid,m.name mname,m.url,m2.name m2name,m.isshow FROM menu m,menu m2 WHERE ( m.parentid = m2.menuid ) LIMIT 0,10   [ RunTime:0.0030s ]
SQL: SHOW COLUMNS FROM `menu` [ RunTime:0.0020s ]
SQL: SELECT count(*) total FROM menu m,menu m2 WHERE ( m.parentid = m2.menuid )  [ RunTime:0.0010s ]

[ 2016-06-21T06:42:27+08:00 ] 127.0.0.1 /mytyk/index.php/Home/User/login
INFO: [ app_init ] --START--
INFO: Run Behavior\BuildLiteBehavior [ RunTime:0.001000s ]
INFO: [ app_init ] --END-- [ RunTime:0.004000s ]
INFO: [ app_begin ] --START--
INFO: Run Behavior\ReadHtmlCacheBehavior [ RunTime:0.004000s ]
INFO: [ app_begin ] --END-- [ RunTime:0.008001s ]
INFO: [ app_end ] --START--
INFO: Run Behavior\ShowPageTraceBehavior [ RunTime:0.005000s ]
INFO: [ app_end ] --END-- [ RunTime:0.008000s ]

[ 2016-06-21T06:42:29+08:00 ] 127.0.0.1 /mytyk/index.php/Home/Allocation/allocationMenu
INFO: [ app_init ] --START--
INFO: Run Behavior\BuildLiteBehavior [ RunTime:0.000000s ]
INFO: [ app_init ] --END-- [ RunTime:0.004000s ]
INFO: [ app_begin ] --START--
INFO: Run Behavior\ReadHtmlCacheBehavior [ RunTime:0.005000s ]
INFO: [ app_begin ] --END-- [ RunTime:0.010001s ]
ERR: 无法加载控制器:Allocation

[ 2016-06-21T06:42:55+08:00 ] 127.0.0.1 /mytyk/index.php/Home/Allocation/allocationMenu
INFO: [ app_init ] --START--
INFO: Run Behavior\BuildLiteBehavior [ RunTime:0.002000s ]
INFO: [ app_init ] --END-- [ RunTime:0.010000s ]
INFO: [ app_begin ] --START--
INFO: Run Behavior\ReadHtmlCacheBehavior [ RunTime:0.002000s ]
INFO: [ app_begin ] --END-- [ RunTime:0.006000s ]
INFO: [ view_parse ] --START--
INFO: [ template_filter ] --START--
INFO: Run Behavior\ContentReplaceBehavior [ RunTime:0.002000s ]
INFO: [ template_filter ] --END-- [ RunTime:0.007000s ]
NOTIC: [8] A session had already been started - ignoring session_start() C:\Program Files (x86)\webphp\mytyk\Application\Runtime\Cache\Home\1d613aac977438b97a24090263478259.php 第 1 行.
INFO: Run Behavior\ParseTemplateBehavior [ RunTime:0.048003s ]
INFO: [ view_parse ] --END-- [ RunTime:0.051003s ]
INFO: [ view_filter ] --START--
INFO: Run Behavior\WriteHtmlCacheBehavior [ RunTime:0.002000s ]
INFO: [ view_filter ] --END-- [ RunTime:0.004000s ]
INFO: [ app_end ] --START--
INFO: Run Behavior\ShowPageTraceBehavior [ RunTime:0.003001s ]
INFO: [ app_end ] --END-- [ RunTime:0.007001s ]

[ 2016-06-21T06:42:56+08:00 ] 127.0.0.1 /mytyk/index.php/Home/Allocation/allocationMenu/pageNo/1/pageSize/10?page=1&rows=10
INFO: [ app_init ] --START--
INFO: Run Behavior\BuildLiteBehavior [ RunTime:0.000000s ]
INFO: [ app_init ] --END-- [ RunTime:0.003000s ]
INFO: [ app_begin ] --START--
INFO: Run Behavior\ReadHtmlCacheBehavior [ RunTime:0.002000s ]
INFO: [ app_begin ] --END-- [ RunTime:0.003000s ]
INFO: [ view_parse ] --START--
INFO: [ template_filter ] --START--
INFO: Run Behavior\ContentReplaceBehavior [ RunTime:0.001000s ]
INFO: [ template_filter ] --END-- [ RunTime:0.006000s ]
NOTIC: [8] A session had already been started - ignoring session_start() C:\Program Files (x86)\webphp\mytyk\Application\Runtime\Cache\Home\1d613aac977438b97a24090263478259.php 第 1 行.
INFO: Run Behavior\ParseTemplateBehavior [ RunTime:0.043002s ]
INFO: [ view_parse ] --END-- [ RunTime:0.045002s ]
INFO: [ view_filter ] --START--
INFO: Run Behavior\WriteHtmlCacheBehavior [ RunTime:0.002001s ]
INFO: [ view_filter ] --END-- [ RunTime:0.003001s ]
INFO: [ app_end ] --START--
INFO: Run Behavior\ShowPageTraceBehavior [ RunTime:0.004000s ]
INFO: [ app_end ] --END-- [ RunTime:0.007000s ]

[ 2016-06-21T06:45:04+08:00 ] 127.0.0.1 /mytyk/index.php/Home/Allocation/allocationMenu
INFO: [ app_init ] --START--
INFO: Run Behavior\BuildLiteBehavior [ RunTime:0.001000s ]
INFO: [ app_init ] --END-- [ RunTime:0.007000s ]
INFO: [ app_begin ] --START--
INFO: Run Behavior\ReadHtmlCacheBehavior [ RunTime:0.002000s ]
INFO: [ app_begin ] --END-- [ RunTime:0.005000s ]
INFO: [ view_parse ] --START--
INFO: [ template_filter ] --START--
INFO: Run Behavior\ContentReplaceBehavior [ RunTime:0.002000s ]
INFO: [ template_filter ] --END-- [ RunTime:0.006000s ]
NOTIC: [8] A session had already been started - ignoring session_start() C:\Program Files (x86)\webphp\mytyk\Application\Runtime\Cache\Home\1d613aac977438b97a24090263478259.php 第 1 行.
INFO: Run Behavior\ParseTemplateBehavior [ RunTime:0.050003s ]
INFO: [ view_parse ] --END-- [ RunTime:0.056003s ]
INFO: [ view_filter ] --START--
INFO: Run Behavior\WriteHtmlCacheBehavior [ RunTime:0.003000s ]
INFO: [ view_filter ] --END-- [ RunTime:0.007000s ]
INFO: [ app_end ] --START--
INFO: Run Behavior\ShowPageTraceBehavior [ RunTime:0.003000s ]
INFO: [ app_end ] --END-- [ RunTime:0.009000s ]

[ 2016-06-21T06:45:04+08:00 ] 127.0.0.1 /mytyk/index.php/Home/Allocation/loadMenuByPage/pageNo/1/pageSize/10?page=1&rows=10
INFO: [ app_init ] --START--
INFO: Run Behavior\BuildLiteBehavior [ RunTime:0.000000s ]
INFO: [ app_init ] --END-- [ RunTime:0.004000s ]
INFO: [ app_begin ] --START--
INFO: Run Behavior\ReadHtmlCacheBehavior [ RunTime:0.002001s ]
INFO: [ app_begin ] --END-- [ RunTime:0.005001s ]

[ 2016-06-21T06:45:13+08:00 ] 127.0.0.1 /mytyk/index.php/Home/Allocation/allocationMenu
INFO: [ app_init ] --START--
INFO: Run Behavior\BuildLiteBehavior [ RunTime:0.000000s ]
INFO: [ app_init ] --END-- [ RunTime:0.004000s ]
INFO: [ app_begin ] --START--
INFO: Run Behavior\ReadHtmlCacheBehavior [ RunTime:0.003001s ]
INFO: [ app_begin ] --END-- [ RunTime:0.009001s ]
INFO: [ view_parse ] --START--
INFO: [ template_filter ] --START--
INFO: Run Behavior\ContentReplaceBehavior [ RunTime:0.002000s ]
INFO: [ template_filter ] --END-- [ RunTime:0.004000s ]
NOTIC: [8] A session had already been started - ignoring session_start() C:\Program Files (x86)\webphp\mytyk\Application\Runtime\Cache\Home\1d613aac977438b97a24090263478259.php 第 1 行.
INFO: Run Behavior\ParseTemplateBehavior [ RunTime:0.051003s ]
INFO: [ view_parse ] --END-- [ RunTime:0.056003s ]
INFO: [ view_filter ] --START--
INFO: Run Behavior\WriteHtmlCacheBehavior [ RunTime:0.003000s ]
INFO: [ view_filter ] --END-- [ RunTime:0.010000s ]
INFO: [ app_end ] --START--
INFO: Run Behavior\ShowPageTraceBehavior [ RunTime:0.002000s ]
INFO: [ app_end ] --END-- [ RunTime:0.005000s ]

[ 2016-06-21T06:45:13+08:00 ] 127.0.0.1 /mytyk/index.php/Home/Allocation/loadMenuByPage/pageNo/1/pageSize/10?page=1&rows=10
INFO: [ app_init ] --START--
INFO: Run Behavior\BuildLiteBehavior [ RunTime:0.001000s ]
INFO: [ app_init ] --END-- [ RunTime:0.005001s ]
INFO: [ app_begin ] --START--
INFO: Run Behavior\ReadHtmlCacheBehavior [ RunTime:0.003000s ]
INFO: [ app_begin ] --END-- [ RunTime:0.009000s ]

[ 2016-06-21T06:47:32+08:00 ] 127.0.0.1 /mytyk/index.php/Home/Allocation/allocationMenu
INFO: [ app_init ] --START--
INFO: Run Behavior\BuildLiteBehavior [ RunTime:0.001000s ]
INFO: [ app_init ] --END-- [ RunTime:0.006001s ]
INFO: [ app_begin ] --START--
INFO: Run Behavior\ReadHtmlCacheBehavior [ RunTime:0.002001s ]
INFO: [ app_begin ] --END-- [ RunTime:0.005001s ]
INFO: [ view_parse ] --START--
INFO: [ template_filter ] --START--
INFO: Run Behavior\ContentReplaceBehavior [ RunTime:0.001001s ]
INFO: [ template_filter ] --END-- [ RunTime:0.005001s ]
NOTIC: [8] A session had already been started - ignoring session_start() C:\Program Files (x86)\webphp\mytyk\Application\Runtime\Cache\Home\1d613aac977438b97a24090263478259.php 第 1 行.
INFO: Run Behavior\ParseTemplateBehavior [ RunTime:0.045003s ]
INFO: [ view_parse ] --END-- [ RunTime:0.048003s ]
INFO: [ view_filter ] --START--
INFO: Run Behavior\WriteHtmlCacheBehavior [ RunTime:0.002000s ]
INFO: [ view_filter ] --END-- [ RunTime:0.004000s ]
INFO: [ app_end ] --START--
INFO: Run Behavior\ShowPageTraceBehavior [ RunTime:0.005000s ]
INFO: [ app_end ] --END-- [ RunTime:0.010000s ]

[ 2016-06-21T06:47:32+08:00 ] 127.0.0.1 /mytyk/index.php/Home/Allocation/loadMenuByPage/pageNo/1/pageSize/10?page=1&rows=10
INFO: [ app_init ] --START--
INFO: Run Behavior\BuildLiteBehavior [ RunTime:0.001000s ]
INFO: [ app_init ] --END-- [ RunTime:0.009001s ]
INFO: [ app_begin ] --START--
INFO: Run Behavior\ReadHtmlCacheBehavior [ RunTime:0.004000s ]
INFO: [ app_begin ] --END-- [ RunTime:0.006000s ]

[ 2016-06-21T06:48:10+08:00 ] 127.0.0.1 /mytyk/index.php/Home/Allocation/allocationMenu
INFO: [ app_init ] --START--
INFO: Run Behavior\BuildLiteBehavior [ RunTime:0.001000s ]
INFO: [ app_init ] --END-- [ RunTime:0.006000s ]
INFO: [ app_begin ] --START--
INFO: Run Behavior\ReadHtmlCacheBehavior [ RunTime:0.003000s ]
INFO: [ app_begin ] --END-- [ RunTime:0.007000s ]
INFO: [ view_parse ] --START--
INFO: [ template_filter ] --START--
INFO: Run Behavior\ContentReplaceBehavior [ RunTime:0.001001s ]
INFO: [ template_filter ] --END-- [ RunTime:0.004001s ]
NOTIC: [8] A session had already been started - ignoring session_start() C:\Program Files (x86)\webphp\mytyk\Application\Runtime\Cache\Home\1d613aac977438b97a24090263478259.php 第 1 行.
INFO: Run Behavior\ParseTemplateBehavior [ RunTime:0.041002s ]
INFO: [ view_parse ] --END-- [ RunTime:0.045002s ]
INFO: [ view_filter ] --START--
INFO: Run Behavior\WriteHtmlCacheBehavior [ RunTime:0.002001s ]
INFO: [ view_filter ] --END-- [ RunTime:0.004001s ]
INFO: [ app_end ] --START--
INFO: Run Behavior\ShowPageTraceBehavior [ RunTime:0.002000s ]
INFO: [ app_end ] --END-- [ RunTime:0.004000s ]

[ 2016-06-21T06:48:12+08:00 ] 127.0.0.1 /mytyk/index.php/Home/Allocation/loadMenuByPage/pageNo/1/pageSize/10?page=1&rows=10
INFO: [ app_init ] --START--
INFO: Run Behavior\BuildLiteBehavior [ RunTime:0.001000s ]
INFO: [ app_init ] --END-- [ RunTime:0.006000s ]
INFO: [ app_begin ] --START--
INFO: Run Behavior\ReadHtmlCacheBehavior [ RunTime:0.004000s ]
INFO: [ app_begin ] --END-- [ RunTime:0.007000s ]
SQL: SHOW COLUMNS FROM `role` [ RunTime:0.0030s ]
SQL: SELECT * FROM `role`  [ RunTime:0.0010s ]
SQL: SHOW COLUMNS FROM `role` [ RunTime:0.0080s ]
SQL: SELECT count(*) aa FROM `role`  [ RunTime:0.0010s ]

[ 2016-06-21T06:48:49+08:00 ] 127.0.0.1 /mytyk/index.php/Home/Allocation/allocationMenu
INFO: [ app_init ] --START--
INFO: Run Behavior\BuildLiteBehavior [ RunTime:0.000000s ]
INFO: [ app_init ] --END-- [ RunTime:0.004001s ]
INFO: [ app_begin ] --START--
INFO: Run Behavior\ReadHtmlCacheBehavior [ RunTime:0.002000s ]
INFO: [ app_begin ] --END-- [ RunTime:0.004000s ]
INFO: [ view_parse ] --START--
INFO: [ template_filter ] --START--
INFO: Run Behavior\ContentReplaceBehavior [ RunTime:0.001000s ]
INFO: [ template_filter ] --END-- [ RunTime:0.005001s ]
NOTIC: [8] A session had already been started - ignoring session_start() C:\Program Files (x86)\webphp\mytyk\Application\Runtime\Cache\Home\1d613aac977438b97a24090263478259.php 第 1 行.
INFO: Run Behavior\ParseTemplateBehavior [ RunTime:0.049003s ]
INFO: [ view_parse ] --END-- [ RunTime:0.053003s ]
INFO: [ view_filter ] --START--
INFO: Run Behavior\WriteHtmlCacheBehavior [ RunTime:0.002000s ]
INFO: [ view_filter ] --END-- [ RunTime:0.006001s ]
INFO: [ app_end ] --START--
INFO: Run Behavior\ShowPageTraceBehavior [ RunTime:0.002000s ]
INFO: [ app_end ] --END-- [ RunTime:0.005000s ]

[ 2016-06-21T06:48:51+08:00 ] 127.0.0.1 /mytyk/index.php/Home/Allocation/loadMenuByPage/pageNo/1/pageSize/10?page=1&rows=10
INFO: [ app_init ] --START--
INFO: Run Behavior\BuildLiteBehavior [ RunTime:0.001000s ]
INFO: [ app_init ] --END-- [ RunTime:0.005001s ]
INFO: [ app_begin ] --START--
INFO: Run Behavior\ReadHtmlCacheBehavior [ RunTime:0.003000s ]
INFO: [ app_begin ] --END-- [ RunTime:0.007000s ]
SQL: SHOW COLUMNS FROM `role` [ RunTime:0.0100s ]
SQL: SELECT * FROM `role`  [ RunTime:0.0010s ]
SQL: SHOW COLUMNS FROM `role` [ RunTime:0.0030s ]
SQL: SELECT count(*) aa FROM `role`  [ RunTime:0.0010s ]

[ 2016-06-21T07:04:47+08:00 ] 127.0.0.1 /mytyk/index.php/Home/GLclass/headerid
INFO: [ app_init ] --START--
INFO: Run Behavior\BuildLiteBehavior [ RunTime:0.000000s ]
INFO: [ app_init ] --END-- [ RunTime:0.005001s ]
INFO: [ app_begin ] --START--
INFO: Run Behavior\ReadHtmlCacheBehavior [ RunTime:0.002000s ]
INFO: [ app_begin ] --END-- [ RunTime:0.005000s ]
SQL: SHOW COLUMNS FROM `class` [ RunTime:0.0120s ]
SQL: SHOW COLUMNS FROM `euser` [ RunTime:0.0040s ]
SQL: SELECT `uid`,`truename` FROM `euser` WHERE ( userType = 2 )  [ RunTime:0.0020s ]
INFO: [ app_end ] --START--
INFO: Run Behavior\ShowPageTraceBehavior [ RunTime:0.002000s ]
INFO: [ app_end ] --END-- [ RunTime:0.004000s ]

[ 2016-06-21T07:07:59+08:00 ] 127.0.0.1 /mytyk/index.php/Home/Allocation/allocationMenu
INFO: [ app_init ] --START--
INFO: Run Behavior\BuildLiteBehavior [ RunTime:0.001000s ]
INFO: [ app_init ] --END-- [ RunTime:0.005001s ]
INFO: [ app_begin ] --START--
INFO: Run Behavior\ReadHtmlCacheBehavior [ RunTime:0.003000s ]
INFO: [ app_begin ] --END-- [ RunTime:0.006001s ]
INFO: [ view_parse ] --START--
INFO: [ template_filter ] --START--
INFO: Run Behavior\ContentReplaceBehavior [ RunTime:0.001000s ]
INFO: [ template_filter ] --END-- [ RunTime:0.006001s ]
NOTIC: [8] A session had already been started - ignoring session_start() C:\Program Files (x86)\webphp\mytyk\Application\Runtime\Cache\Home\1d613aac977438b97a24090263478259.php 第 1 行.
INFO: Run Behavior\ParseTemplateBehavior [ RunTime:0.044003s ]
INFO: [ view_parse ] --END-- [ RunTime:0.046003s ]
INFO: [ view_filter ] --START--
INFO: Run Behavior\WriteHtmlCacheBehavior [ RunTime:0.001000s ]
INFO: [ view_filter ] --END-- [ RunTime:0.004000s ]
INFO: [ app_end ] --START--
INFO: Run Behavior\ShowPageTraceBehavior [ RunTime:0.002000s ]
INFO: [ app_end ] --END-- [ RunTime:0.006000s ]

[ 2016-06-21T07:08:01+08:00 ] 127.0.0.1 /mytyk/index.php/Home/Allocation/loadMenuByPage/pageNo/1/pageSize/10?page=1&rows=10
INFO: [ app_init ] --START--
INFO: Run Behavior\BuildLiteBehavior [ RunTime:0.000000s ]
INFO: [ app_init ] --END-- [ RunTime:0.006000s ]
INFO: [ app_begin ] --START--
INFO: Run Behavior\ReadHtmlCacheBehavior [ RunTime:0.002000s ]
INFO: [ app_begin ] --END-- [ RunTime:0.005001s ]
SQL: SHOW COLUMNS FROM `role` [ RunTime:0.0030s ]
SQL: SELECT * FROM `role`  [ RunTime:0.0010s ]
SQL: SHOW COLUMNS FROM `role` [ RunTime:0.0030s ]
SQL: SELECT count(*) aa FROM `role`  [ RunTime:0.0010s ]

[ 2016-06-21T07:08:03+08:00 ] 127.0.0.1 /mytyk/index.php/Home/Menu/Menu/rid/undefined
INFO: [ app_init ] --START--
INFO: Run Behavior\BuildLiteBehavior [ RunTime:0.001000s ]
INFO: [ app_init ] --END-- [ RunTime:0.007001s ]
INFO: [ app_begin ] --START--
INFO: Run Behavior\ReadHtmlCacheBehavior [ RunTime:0.001001s ]
INFO: [ app_begin ] --END-- [ RunTime:0.005001s ]
SQL: SHOW COLUMNS FROM `menu` [ RunTime:0.0020s ]
INFO: [ view_parse ] --START--
INFO: [ template_filter ] --START--
INFO: Run Behavior\ContentReplaceBehavior [ RunTime:0.001000s ]
INFO: [ template_filter ] --END-- [ RunTime:0.004000s ]
INFO: Run Behavior\ParseTemplateBehavior [ RunTime:0.045002s ]
INFO: [ view_parse ] --END-- [ RunTime:0.048002s ]
INFO: [ view_filter ] --START--
INFO: Run Behavior\WriteHtmlCacheBehavior [ RunTime:0.003000s ]
INFO: [ view_filter ] --END-- [ RunTime:0.009000s ]
INFO: [ app_end ] --START--
INFO: Run Behavior\ShowPageTraceBehavior [ RunTime:0.002000s ]
INFO: [ app_end ] --END-- [ RunTime:0.004001s ]

[ 2016-06-21T07:08:05+08:00 ] 127.0.0.1 /mytyk/index.php/Home/Menu/loadMenuByPag/pageNo/1/pageSize/10?page=1&rows=10
INFO: [ app_init ] --START--
INFO: Run Behavior\BuildLiteBehavior [ RunTime:0.001000s ]
INFO: [ app_init ] --END-- [ RunTime:0.010001s ]
INFO: [ app_begin ] --START--
INFO: Run Behavior\ReadHtmlCacheBehavior [ RunTime:0.004000s ]
INFO: [ app_begin ] --END-- [ RunTime:0.007000s ]
SQL: SHOW COLUMNS FROM `menu` [ RunTime:0.0030s ]
SQL: SHOW COLUMNS FROM `menu` [ RunTime:0.0020s ]
SQL: SELECT m.menuid,m.name mname,m.url,m2.name m2name,m.isshow FROM menu m,menu m2 WHERE ( m.parentid = m2.menuid ) LIMIT 0,10   [ RunTime:0.0010s ]
SQL: SHOW COLUMNS FROM `menu` [ RunTime:0.0030s ]
SQL: SELECT count(*) total FROM menu m,menu m2 WHERE ( m.parentid = m2.menuid )  [ RunTime:0.0010s ]

[ 2016-06-21T07:17:29+08:00 ] 127.0.0.1 /mytyk/index.php/Home/Allocation/allocationMenu
INFO: [ app_init ] --START--
INFO: Run Behavior\BuildLiteBehavior [ RunTime:0.001000s ]
INFO: [ app_init ] --END-- [ RunTime:0.004000s ]
INFO: [ app_begin ] --START--
INFO: Run Behavior\ReadHtmlCacheBehavior [ RunTime:0.004001s ]
INFO: [ app_begin ] --END-- [ RunTime:0.009001s ]
INFO: [ view_parse ] --START--
INFO: [ template_filter ] --START--
INFO: Run Behavior\ContentReplaceBehavior [ RunTime:0.001000s ]
INFO: [ template_filter ] --END-- [ RunTime:0.004000s ]
NOTIC: [8] A session had already been started - ignoring session_start() C:\Program Files (x86)\webphp\mytyk\Application\Runtime\Cache\Home\1d613aac977438b97a24090263478259.php 第 1 行.
INFO: Run Behavior\ParseTemplateBehavior [ RunTime:0.044003s ]
INFO: [ view_parse ] --END-- [ RunTime:0.050003s ]
INFO: [ view_filter ] --START--
INFO: Run Behavior\WriteHtmlCacheBehavior [ RunTime:0.003001s ]
INFO: [ view_filter ] --END-- [ RunTime:0.006001s ]
INFO: [ app_end ] --START--
INFO: Run Behavior\ShowPageTraceBehavior [ RunTime:0.002000s ]
INFO: [ app_end ] --END-- [ RunTime:0.005000s ]

[ 2016-06-21T07:17:30+08:00 ] 127.0.0.1 /mytyk/index.php/Home/Allocation/loadMenuByPage/pageNo/1/pageSize/10?page=1&rows=10
INFO: [ app_init ] --START--
INFO: Run Behavior\BuildLiteBehavior [ RunTime:0.000000s ]
INFO: [ app_init ] --END-- [ RunTime:0.005000s ]
INFO: [ app_begin ] --START--
INFO: Run Behavior\ReadHtmlCacheBehavior [ RunTime:0.003000s ]
INFO: [ app_begin ] --END-- [ RunTime:0.006000s ]
SQL: SHOW COLUMNS FROM `role` [ RunTime:0.0130s ]
SQL: SELECT * FROM `role`  [ RunTime:0.0010s ]
SQL: SHOW COLUMNS FROM `role` [ RunTime:0.0040s ]
SQL: SELECT count(*) aa FROM `role`  [ RunTime:0.0030s ]

[ 2016-06-21T07:17:35+08:00 ] 127.0.0.1 /mytyk/index.php/Home/Menu/Menu/rid/undefined
INFO: [ app_init ] --START--
INFO: Run Behavior\BuildLiteBehavior [ RunTime:0.001000s ]
INFO: [ app_init ] --END-- [ RunTime:0.006000s ]
INFO: [ app_begin ] --START--
INFO: Run Behavior\ReadHtmlCacheBehavior [ RunTime:0.001000s ]
INFO: [ app_begin ] --END-- [ RunTime:0.005000s ]
SQL: SHOW COLUMNS FROM `menu` [ RunTime:0.0030s ]
INFO: [ view_parse ] --START--
INFO: [ template_filter ] --START--
INFO: Run Behavior\ContentReplaceBehavior [ RunTime:0.001000s ]
INFO: [ template_filter ] --END-- [ RunTime:0.004000s ]
INFO: Run Behavior\ParseTemplateBehavior [ RunTime:0.049003s ]
INFO: [ view_parse ] --END-- [ RunTime:0.051003s ]
INFO: [ view_filter ] --START--
INFO: Run Behavior\WriteHtmlCacheBehavior [ RunTime:0.002001s ]
INFO: [ view_filter ] --END-- [ RunTime:0.005001s ]
INFO: [ app_end ] --START--
INFO: Run Behavior\ShowPageTraceBehavior [ RunTime:0.002000s ]
INFO: [ app_end ] --END-- [ RunTime:0.005000s ]

[ 2016-06-21T07:17:36+08:00 ] 127.0.0.1 /mytyk/index.php/Home/Menu/loadMenuByPag/pageNo/1/pageSize/10?page=1&rows=10
INFO: [ app_init ] --START--
INFO: Run Behavior\BuildLiteBehavior [ RunTime:0.001000s ]
INFO: [ app_init ] --END-- [ RunTime:0.003000s ]
INFO: [ app_begin ] --START--
INFO: Run Behavior\ReadHtmlCacheBehavior [ RunTime:0.003000s ]
INFO: [ app_begin ] --END-- [ RunTime:0.005000s ]
SQL: SHOW COLUMNS FROM `menu` [ RunTime:0.0040s ]
SQL: SHOW COLUMNS FROM `menu` [ RunTime:0.0060s ]
SQL: SELECT m.menuid,m.name mname,m.url,m2.name m2name,m.isshow FROM menu m,menu m2 WHERE ( m.parentid = m2.menuid ) LIMIT 0,10   [ RunTime:0.0010s ]
SQL: SHOW COLUMNS FROM `menu` [ RunTime:0.0060s ]
SQL: SELECT count(*) total FROM menu m,menu m2 WHERE ( m.parentid = m2.menuid )  [ RunTime:0.0030s ]

[ 2016-06-21T07:18:17+08:00 ] 127.0.0.1 /mytyk/index.php/Home/Allocation/allocationMenu
INFO: [ app_init ] --START--
INFO: Run Behavior\BuildLiteBehavior [ RunTime:0.001001s ]
INFO: [ app_init ] --END-- [ RunTime:0.006001s ]
INFO: [ app_begin ] --START--
INFO: Run Behavior\ReadHtmlCacheBehavior [ RunTime:0.004001s ]
INFO: [ app_begin ] --END-- [ RunTime:0.007001s ]
INFO: [ view_parse ] --START--
INFO: [ template_filter ] --START--
INFO: Run Behavior\ContentReplaceBehavior [ RunTime:0.002000s ]
INFO: [ template_filter ] --END-- [ RunTime:0.005000s ]
NOTIC: [8] A session had already been started - ignoring session_start() C:\Program Files (x86)\webphp\mytyk\Application\Runtime\Cache\Home\1d613aac977438b97a24090263478259.php 第 1 行.
INFO: Run Behavior\ParseTemplateBehavior [ RunTime:0.050003s ]
INFO: [ view_parse ] --END-- [ RunTime:0.056003s ]
INFO: [ view_filter ] --START--
INFO: Run Behavior\WriteHtmlCacheBehavior [ RunTime:0.002000s ]
INFO: [ view_filter ] --END-- [ RunTime:0.004000s ]
INFO: [ app_end ] --START--
INFO: Run Behavior\ShowPageTraceBehavior [ RunTime:0.007000s ]
INFO: [ app_end ] --END-- [ RunTime:0.012000s ]

[ 2016-06-21T07:18:18+08:00 ] 127.0.0.1 /mytyk/index.php/Home/Allocation/loadMenuByPage/pageNo/1/pageSize/10?page=1&rows=10
INFO: [ app_init ] --START--
INFO: Run Behavior\BuildLiteBehavior [ RunTime:0.001000s ]
INFO: [ app_init ] --END-- [ RunTime:0.005001s ]
INFO: [ app_begin ] --START--
INFO: Run Behavior\ReadHtmlCacheBehavior [ RunTime:0.007000s ]
INFO: [ app_begin ] --END-- [ RunTime:0.010000s ]
SQL: SHOW COLUMNS FROM `role` [ RunTime:0.0030s ]
SQL: SELECT * FROM `role`  [ RunTime:0.0020s ]
SQL: SHOW COLUMNS FROM `role` [ RunTime:0.0030s ]
SQL: SELECT count(*) aa FROM `role`  [ RunTime:0.0010s ]

[ 2016-06-21T07:18:20+08:00 ] 127.0.0.1 /mytyk/index.php/Home/AllocationMenu/menuAllocation/rid/undefined
INFO: [ app_init ] --START--
INFO: Run Behavior\BuildLiteBehavior [ RunTime:0.001000s ]
INFO: [ app_init ] --END-- [ RunTime:0.003000s ]
INFO: [ app_begin ] --START--
INFO: Run Behavior\ReadHtmlCacheBehavior [ RunTime:0.002000s ]
INFO: [ app_begin ] --END-- [ RunTime:0.005000s ]
ERR: 模板不存在:C:/Program Files (x86)/webphp/mytyk/./Application/Home/View/AllocationMenu/menuAllocation.html
NOTIC: [2] Cannot modify header information - headers already sent by (output started at C:\Program Files (x86)\webphp\mytyk\ThinkPHP\Common\functions.php:102) C:\Program Files (x86)\webphp\mytyk\ThinkPHP\Library\Think\Think.class.php 第 229 行.
NOTIC: [2] Cannot modify header information - headers already sent by (output started at C:\Program Files (x86)\webphp\mytyk\ThinkPHP\Common\functions.php:102) C:\Program Files (x86)\webphp\mytyk\ThinkPHP\Library\Think\Think.class.php 第 230 行.

[ 2016-06-21T07:19:56+08:00 ] 127.0.0.1 /mytyk/index.php/Home/User/login
INFO: [ app_init ] --START--
INFO: Run Behavior\BuildLiteBehavior [ RunTime:0.000000s ]
INFO: [ app_init ] --END-- [ RunTime:0.004000s ]
INFO: [ app_begin ] --START--
INFO: Run Behavior\ReadHtmlCacheBehavior [ RunTime:0.004000s ]
INFO: [ app_begin ] --END-- [ RunTime:0.008000s ]
INFO: [ app_end ] --START--
INFO: Run Behavior\ShowPageTraceBehavior [ RunTime:0.002001s ]
INFO: [ app_end ] --END-- [ RunTime:0.004001s ]

[ 2016-06-21T07:19:58+08:00 ] 127.0.0.1 /mytyk/index.php/Home/Allocation/allocationMenu
INFO: [ app_init ] --START--
INFO: Run Behavior\BuildLiteBehavior [ RunTime:0.001000s ]
INFO: [ app_init ] --END-- [ RunTime:0.004000s ]
INFO: [ app_begin ] --START--
INFO: Run Behavior\ReadHtmlCacheBehavior [ RunTime:0.002001s ]
INFO: [ app_begin ] --END-- [ RunTime:0.009001s ]
INFO: [ view_parse ] --START--
INFO: [ template_filter ] --START--
INFO: Run Behavior\ContentReplaceBehavior [ RunTime:0.001000s ]
INFO: [ template_filter ] --END-- [ RunTime:0.005000s ]
NOTIC: [8] A session had already been started - ignoring session_start() C:\Program Files (x86)\webphp\mytyk\Application\Runtime\Cache\Home\1d613aac977438b97a24090263478259.php 第 1 行.
INFO: Run Behavior\ParseTemplateBehavior [ RunTime:0.048003s ]
INFO: [ view_parse ] --END-- [ RunTime:0.051003s ]
INFO: [ view_filter ] --START--
INFO: Run Behavior\WriteHtmlCacheBehavior [ RunTime:0.002000s ]
INFO: [ view_filter ] --END-- [ RunTime:0.008000s ]
INFO: [ app_end ] --START--
INFO: Run Behavior\ShowPageTraceBehavior [ RunTime:0.001000s ]
INFO: [ app_end ] --END-- [ RunTime:0.005000s ]

[ 2016-06-21T07:20:00+08:00 ] 127.0.0.1 /mytyk/index.php/Home/Allocation/loadMenuByPage/pageNo/1/pageSize/10?page=1&rows=10
INFO: [ app_init ] --START--
INFO: Run Behavior\BuildLiteBehavior [ RunTime:0.002000s ]
INFO: [ app_init ] --END-- [ RunTime:0.007000s ]
INFO: [ app_begin ] --START--
INFO: Run Behavior\ReadHtmlCacheBehavior [ RunTime:0.005000s ]
INFO: [ app_begin ] --END-- [ RunTime:0.009000s ]
SQL: SHOW COLUMNS FROM `role` [ RunTime:0.0090s ]
SQL: SELECT * FROM `role`  [ RunTime:0.0030s ]
SQL: SHOW COLUMNS FROM `role` [ RunTime:0.0050s ]
SQL: SELECT count(*) aa FROM `role`  [ RunTime:0.0010s ]

[ 2016-06-21T07:20:01+08:00 ] 127.0.0.1 /mytyk/index.php/Home/AllocationMenu/menuAllocation/rid/undefined
INFO: [ app_init ] --START--
INFO: Run Behavior\BuildLiteBehavior [ RunTime:0.000000s ]
INFO: [ app_init ] --END-- [ RunTime:0.006000s ]
INFO: [ app_begin ] --START--
INFO: Run Behavior\ReadHtmlCacheBehavior [ RunTime:0.003001s ]
INFO: [ app_begin ] --END-- [ RunTime:0.007001s ]
ERR: 模板不存在:C:/Program Files (x86)/webphp/mytyk/./Application/Home/View/AllocationMenu/menuAllocation.html
NOTIC: [2] Cannot modify header information - headers already sent by (output started at C:\Program Files (x86)\webphp\mytyk\ThinkPHP\Common\functions.php:102) C:\Program Files (x86)\webphp\mytyk\ThinkPHP\Library\Think\Think.class.php 第 229 行.
NOTIC: [2] Cannot modify header information - headers already sent by (output started at C:\Program Files (x86)\webphp\mytyk\ThinkPHP\Common\functions.php:102) C:\Program Files (x86)\webphp\mytyk\ThinkPHP\Library\Think\Think.class.php 第 230 行.

[ 2016-06-21T07:20:59+08:00 ] 127.0.0.1 /mytyk/index.php/Home/Allocation/allocationMenu
INFO: [ app_init ] --START--
INFO: Run Behavior\BuildLiteBehavior [ RunTime:0.000000s ]
INFO: [ app_init ] --END-- [ RunTime:0.004000s ]
INFO: [ app_begin ] --START--
INFO: Run Behavior\ReadHtmlCacheBehavior [ RunTime:0.002000s ]
INFO: [ app_begin ] --END-- [ RunTime:0.007000s ]
INFO: [ view_parse ] --START--
INFO: [ template_filter ] --START--
INFO: Run Behavior\ContentReplaceBehavior [ RunTime:0.001000s ]
INFO: [ template_filter ] --END-- [ RunTime:0.005001s ]
NOTIC: [8] A session had already been started - ignoring session_start() C:\Program Files (x86)\webphp\mytyk\Application\Runtime\Cache\Home\1d613aac977438b97a24090263478259.php 第 1 行.
INFO: Run Behavior\ParseTemplateBehavior [ RunTime:0.036002s ]
INFO: [ view_parse ] --END-- [ RunTime:0.038002s ]
INFO: [ view_filter ] --START--
INFO: Run Behavior\WriteHtmlCacheBehavior [ RunTime:0.002000s ]
INFO: [ view_filter ] --END-- [ RunTime:0.006000s ]
INFO: [ app_end ] --START--
INFO: Run Behavior\ShowPageTraceBehavior [ RunTime:0.002000s ]
INFO: [ app_end ] --END-- [ RunTime:0.006000s ]

[ 2016-06-21T07:21:25+08:00 ] 127.0.0.1 /mytyk/index.php/Home/Allocation/allocationMenu
INFO: [ app_init ] --START--
INFO: Run Behavior\BuildLiteBehavior [ RunTime:0.001000s ]
INFO: [ app_init ] --END-- [ RunTime:0.005000s ]
INFO: [ app_begin ] --START--
INFO: Run Behavior\ReadHtmlCacheBehavior [ RunTime:0.003000s ]
INFO: [ app_begin ] --END-- [ RunTime:0.007000s ]
INFO: [ view_parse ] --START--
INFO: [ template_filter ] --START--
INFO: Run Behavior\ContentReplaceBehavior [ RunTime:0.001000s ]
INFO: [ template_filter ] --END-- [ RunTime:0.004000s ]
NOTIC: [8] A session had already been started - ignoring session_start() C:\Program Files (x86)\webphp\mytyk\Application\Runtime\Cache\Home\1d613aac977438b97a24090263478259.php 第 1 行.
INFO: Run Behavior\ParseTemplateBehavior [ RunTime:0.037003s ]
INFO: [ view_parse ] --END-- [ RunTime:0.040003s ]
INFO: [ view_filter ] --START--
INFO: Run Behavior\WriteHtmlCacheBehavior [ RunTime:0.004000s ]
INFO: [ view_filter ] --END-- [ RunTime:0.008000s ]
INFO: [ app_end ] --START--
INFO: Run Behavior\ShowPageTraceBehavior [ RunTime:0.001000s ]
INFO: [ app_end ] --END-- [ RunTime:0.004000s ]

[ 2016-06-21T07:21:27+08:00 ] 127.0.0.1 /mytyk/index.php/Home/Allocation/loadMenuByPage/pageNo/1/pageSize/10?page=1&rows=10
INFO: [ app_init ] --START--
INFO: Run Behavior\BuildLiteBehavior [ RunTime:0.001000s ]
INFO: [ app_init ] --END-- [ RunTime:0.004001s ]
INFO: [ app_begin ] --START--
INFO: Run Behavior\ReadHtmlCacheBehavior [ RunTime:0.003000s ]
INFO: [ app_begin ] --END-- [ RunTime:0.006000s ]
SQL: SHOW COLUMNS FROM `role` [ RunTime:0.0040s ]
SQL: SELECT * FROM `role`  [ RunTime:0.0050s ]
SQL: SHOW COLUMNS FROM `role` [ RunTime:0.0030s ]
SQL: SELECT count(*) aa FROM `role`  [ RunTime:0.0020s ]

[ 2016-06-21T07:21:29+08:00 ] 127.0.0.1 /mytyk/index.php/Home/AllocationMenu/menuAllocation
INFO: [ app_init ] --START--
INFO: Run Behavior\BuildLiteBehavior [ RunTime:0.000000s ]
INFO: [ app_init ] --END-- [ RunTime:0.004001s ]
INFO: [ app_begin ] --START--
INFO: Run Behavior\ReadHtmlCacheBehavior [ RunTime:0.004000s ]
INFO: [ app_begin ] --END-- [ RunTime:0.007000s ]
ERR: 模板不存在:C:/Program Files (x86)/webphp/mytyk/./Application/Home/View/AllocationMenu/menuAllocation.html
NOTIC: [2] Cannot modify header information - headers already sent by (output started at C:\Program Files (x86)\webphp\mytyk\ThinkPHP\Common\functions.php:102) C:\Program Files (x86)\webphp\mytyk\ThinkPHP\Library\Think\Think.class.php 第 229 行.
NOTIC: [2] Cannot modify header information - headers already sent by (output started at C:\Program Files (x86)\webphp\mytyk\ThinkPHP\Common\functions.php:102) C:\Program Files (x86)\webphp\mytyk\ThinkPHP\Library\Think\Think.class.php 第 230 行.

[ 2016-06-21T07:22:24+08:00 ] 127.0.0.1 /mytyk/index.php/Home/Allocation/allocationMenu
INFO: [ app_init ] --START--
INFO: Run Behavior\BuildLiteBehavior [ RunTime:0.000000s ]
INFO: [ app_init ] --END-- [ RunTime:0.004000s ]
INFO: [ app_begin ] --START--
INFO: Run Behavior\ReadHtmlCacheBehavior [ RunTime:0.002000s ]
INFO: [ app_begin ] --END-- [ RunTime:0.004000s ]
INFO: [ view_parse ] --START--
INFO: [ template_filter ] --START--
INFO: Run Behavior\ContentReplaceBehavior [ RunTime:0.002000s ]
INFO: [ template_filter ] --END-- [ RunTime:0.004000s ]
NOTIC: [8] A session had already been started - ignoring session_start() C:\Program Files (x86)\webphp\mytyk\Application\Runtime\Cache\Home\1d613aac977438b97a24090263478259.php 第 1 行.
INFO: Run Behavior\ParseTemplateBehavior [ RunTime:0.047003s ]
INFO: [ view_parse ] --END-- [ RunTime:0.052003s ]
INFO: [ view_filter ] --START--
INFO: Run Behavior\WriteHtmlCacheBehavior [ RunTime:0.004001s ]
INFO: [ view_filter ] --END-- [ RunTime:0.006001s ]
INFO: [ app_end ] --START--
INFO: Run Behavior\ShowPageTraceBehavior [ RunTime:0.004000s ]
INFO: [ app_end ] --END-- [ RunTime:0.010001s ]

[ 2016-06-21T07:22:26+08:00 ] 127.0.0.1 /mytyk/index.php/Home/Allocation/loadMenuByPage/pageNo/1/pageSize/10?page=1&rows=10
INFO: [ app_init ] --START--
INFO: Run Behavior\BuildLiteBehavior [ RunTime:0.000000s ]
INFO: [ app_init ] --END-- [ RunTime:0.005000s ]
INFO: [ app_begin ] --START--
INFO: Run Behavior\ReadHtmlCacheBehavior [ RunTime:0.004001s ]
INFO: [ app_begin ] --END-- [ RunTime:0.008001s ]
SQL: SHOW COLUMNS FROM `role` [ RunTime:0.0060s ]
SQL: SELECT * FROM `role`  [ RunTime:0.0000s ]
SQL: SHOW COLUMNS FROM `role` [ RunTime:0.0030s ]
SQL: SELECT count(*) aa FROM `role`  [ RunTime:0.0010s ]

[ 2016-06-21T07:22:27+08:00 ] 127.0.0.1 /mytyk/index.php/Home/AllocationMenu/menuAllocation/rid/undefined
INFO: [ app_init ] --START--
INFO: Run Behavior\BuildLiteBehavior [ RunTime:0.002000s ]
INFO: [ app_init ] --END-- [ RunTime:0.008000s ]
INFO: [ app_begin ] --START--
INFO: Run Behavior\ReadHtmlCacheBehavior [ RunTime:0.002000s ]
INFO: [ app_begin ] --END-- [ RunTime:0.005001s ]
ERR: 模板不存在:C:/Program Files (x86)/webphp/mytyk/./Application/Home/View/AllocationMenu/menuAllocation.html
NOTIC: [2] Cannot modify header information - headers already sent by (output started at C:\Program Files (x86)\webphp\mytyk\ThinkPHP\Common\functions.php:102) C:\Program Files (x86)\webphp\mytyk\ThinkPHP\Library\Think\Think.class.php 第 229 行.
NOTIC: [2] Cannot modify header information - headers already sent by (output started at C:\Program Files (x86)\webphp\mytyk\ThinkPHP\Common\functions.php:102) C:\Program Files (x86)\webphp\mytyk\ThinkPHP\Library\Think\Think.class.php 第 230 行.

[ 2016-06-21T07:27:36+08:00 ] 127.0.0.1 /mytyk/index.php/Home/Allocation/allocationMenu
INFO: [ app_init ] --START--
INFO: Run Behavior\BuildLiteBehavior [ RunTime:0.001000s ]
INFO: [ app_init ] --END-- [ RunTime:0.006000s ]
INFO: [ app_begin ] --START--
INFO: Run Behavior\ReadHtmlCacheBehavior [ RunTime:0.005000s ]
INFO: [ app_begin ] --END-- [ RunTime:0.012001s ]
INFO: [ view_parse ] --START--
INFO: [ template_filter ] --START--
INFO: Run Behavior\ContentReplaceBehavior [ RunTime:0.001000s ]
INFO: [ template_filter ] --END-- [ RunTime:0.005000s ]
NOTIC: [8] A session had already been started - ignoring session_start() C:\Program Files (x86)\webphp\mytyk\Application\Runtime\Cache\Home\1d613aac977438b97a24090263478259.php 第 1 行.
INFO: Run Behavior\ParseTemplateBehavior [ RunTime:0.046003s ]
INFO: [ view_parse ] --END-- [ RunTime:0.048003s ]
INFO: [ view_filter ] --START--
INFO: Run Behavior\WriteHtmlCacheBehavior [ RunTime:0.002000s ]
INFO: [ view_filter ] --END-- [ RunTime:0.005000s ]
INFO: [ app_end ] --START--
INFO: Run Behavior\ShowPageTraceBehavior [ RunTime:0.002000s ]
INFO: [ app_end ] --END-- [ RunTime:0.005000s ]

[ 2016-06-21T07:27:38+08:00 ] 127.0.0.1 /mytyk/index.php/Home/Allocation/loadMenuByPage/pageNo/1/pageSize/10?page=1&rows=10
INFO: [ app_init ] --START--
INFO: Run Behavior\BuildLiteBehavior [ RunTime:0.001000s ]
INFO: [ app_init ] --END-- [ RunTime:0.008001s ]
INFO: [ app_begin ] --START--
INFO: Run Behavior\ReadHtmlCacheBehavior [ RunTime:0.004000s ]
INFO: [ app_begin ] --END-- [ RunTime:0.009000s ]
SQL: SHOW COLUMNS FROM `role` [ RunTime:0.0020s ]
SQL: SELECT * FROM `role`  [ RunTime:0.0010s ]
SQL: SHOW COLUMNS FROM `role` [ RunTime:0.0030s ]
SQL: SELECT count(*) aa FROM `role`  [ RunTime:0.0000s ]

[ 2016-06-21T07:27:41+08:00 ] 127.0.0.1 /mytyk/index.php/Home/User/login
INFO: [ app_init ] --START--
INFO: Run Behavior\BuildLiteBehavior [ RunTime:0.001000s ]
INFO: [ app_init ] --END-- [ RunTime:0.003000s ]
INFO: [ app_begin ] --START--
INFO: Run Behavior\ReadHtmlCacheBehavior [ RunTime:0.001000s ]
INFO: [ app_begin ] --END-- [ RunTime:0.005000s ]
INFO: [ app_end ] --START--
INFO: Run Behavior\ShowPageTraceBehavior [ RunTime:0.004000s ]
INFO: [ app_end ] --END-- [ RunTime:0.006000s ]

[ 2016-06-21T07:27:44+08:00 ] 127.0.0.1 /mytyk/index.php/Home/Allocation/allocationMenu
INFO: [ app_init ] --START--
INFO: Run Behavior\BuildLiteBehavior [ RunTime:0.001000s ]
INFO: [ app_init ] --END-- [ RunTime:0.003000s ]
INFO: [ app_begin ] --START--
INFO: Run Behavior\ReadHtmlCacheBehavior [ RunTime:0.002000s ]
INFO: [ app_begin ] --END-- [ RunTime:0.004000s ]
INFO: [ view_parse ] --START--
INFO: [ template_filter ] --START--
INFO: Run Behavior\ContentReplaceBehavior [ RunTime:0.001000s ]
INFO: [ template_filter ] --END-- [ RunTime:0.003000s ]
NOTIC: [8] A session had already been started - ignoring session_start() C:\Program Files (x86)\webphp\mytyk\Application\Runtime\Cache\Home\1d613aac977438b97a24090263478259.php 第 1 行.
INFO: Run Behavior\ParseTemplateBehavior [ RunTime:0.038002s ]
INFO: [ view_parse ] --END-- [ RunTime:0.041002s ]
INFO: [ view_filter ] --START--
INFO: Run Behavior\WriteHtmlCacheBehavior [ RunTime:0.004001s ]
INFO: [ view_filter ] --END-- [ RunTime:0.008001s ]
INFO: [ app_end ] --START--
INFO: Run Behavior\ShowPageTraceBehavior [ RunTime:0.002000s ]
INFO: [ app_end ] --END-- [ RunTime:0.005000s ]

[ 2016-06-21T07:27:46+08:00 ] 127.0.0.1 /mytyk/index.php/Home/Allocation/loadMenuByPage/pageNo/1/pageSize/10?page=1&rows=10
INFO: [ app_init ] --START--
INFO: Run Behavior\BuildLiteBehavior [ RunTime:0.001000s ]
INFO: [ app_init ] --END-- [ RunTime:0.005001s ]
INFO: [ app_begin ] --START--
INFO: Run Behavior\ReadHtmlCacheBehavior [ RunTime:0.002000s ]
INFO: [ app_begin ] --END-- [ RunTime:0.004001s ]
SQL: SHOW COLUMNS FROM `role` [ RunTime:0.0020s ]
SQL: SELECT * FROM `role`  [ RunTime:0.0020s ]
SQL: SHOW COLUMNS FROM `role` [ RunTime:0.0040s ]
SQL: SELECT count(*) aa FROM `role`  [ RunTime:0.0000s ]

[ 2016-06-21T07:27:48+08:00 ] 127.0.0.1 /mytyk/index.php/Home/AllocationMenu/menuAllocation/rid/undefined
INFO: [ app_init ] --START--
INFO: Run Behavior\BuildLiteBehavior [ RunTime:0.000000s ]
INFO: [ app_init ] --END-- [ RunTime:0.005000s ]
INFO: [ app_begin ] --START--
INFO: Run Behavior\ReadHtmlCacheBehavior [ RunTime:0.002001s ]
INFO: [ app_begin ] --END-- [ RunTime:0.005001s ]
INFO: [ view_parse ] --START--
INFO: [ template_filter ] --START--
INFO: Run Behavior\ContentReplaceBehavior [ RunTime:0.002000s ]
INFO: [ template_filter ] --END-- [ RunTime:0.005001s ]
NOTIC: [8] A session had already been started - ignoring session_start() C:\Program Files (x86)\webphp\mytyk\Application\Runtime\Cache\Home\cc21586df2e2d87c16cd7e1328158e89.php 第 1 行.
NOTIC: [2] require(../../autoload.php): failed to open stream: No such file or directory C:\Program Files (x86)\webphp\mytyk\Application\Runtime\Cache\Home\cc21586df2e2d87c16cd7e1328158e89.php 第 1 行.

[ 2016-06-21T07:39:38+08:00 ] 127.0.0.1 /mytyk/index.php/Home/Allocation/allocationMenu
INFO: [ app_init ] --START--
INFO: Run Behavior\BuildLiteBehavior [ RunTime:0.000000s ]
INFO: [ app_init ] --END-- [ RunTime:0.006000s ]
INFO: [ app_begin ] --START--
INFO: Run Behavior\ReadHtmlCacheBehavior [ RunTime:0.002000s ]
INFO: [ app_begin ] --END-- [ RunTime:0.005001s ]
INFO: [ view_parse ] --START--
INFO: [ template_filter ] --START--
INFO: Run Behavior\ContentReplaceBehavior [ RunTime:0.001000s ]
INFO: [ template_filter ] --END-- [ RunTime:0.005000s ]
NOTIC: [8] A session had already been started - ignoring session_start() C:\Program Files (x86)\webphp\mytyk\Application\Runtime\Cache\Home\1d613aac977438b97a24090263478259.php 第 1 行.
INFO: Run Behavior\ParseTemplateBehavior [ RunTime:0.040003s ]
INFO: [ view_parse ] --END-- [ RunTime:0.045003s ]
INFO: [ view_filter ] --START--
INFO: Run Behavior\WriteHtmlCacheBehavior [ RunTime:0.001000s ]
INFO: [ view_filter ] --END-- [ RunTime:0.004000s ]
INFO: [ app_end ] --START--
INFO: Run Behavior\ShowPageTraceBehavior [ RunTime:0.002001s ]
INFO: [ app_end ] --END-- [ RunTime:0.004001s ]

[ 2016-06-21T07:39:40+08:00 ] 127.0.0.1 /mytyk/index.php/Home/Allocation/loadMenuByPage/pageNo/1/pageSize/10?page=1&rows=10
INFO: [ app_init ] --START--
INFO: Run Behavior\BuildLiteBehavior [ RunTime:0.001000s ]
INFO: [ app_init ] --END-- [ RunTime:0.004000s ]
INFO: [ app_begin ] --START--
INFO: Run Behavior\ReadHtmlCacheBehavior [ RunTime:0.001000s ]
INFO: [ app_begin ] --END-- [ RunTime:0.004000s ]
SQL: SHOW COLUMNS FROM `role` [ RunTime:0.0030s ]
SQL: SELECT * FROM `role`  [ RunTime:0.0000s ]
SQL: SHOW COLUMNS FROM `role` [ RunTime:0.0030s ]
SQL: SELECT count(*) aa FROM `role`  [ RunTime:0.0010s ]

[ 2016-06-21T07:39:42+08:00 ] 127.0.0.1 /mytyk/index.php/Home/AllocationMenu/menuAllocation/rid/undefined
INFO: [ app_init ] --START--
INFO: Run Behavior\BuildLiteBehavior [ RunTime:0.001000s ]
INFO: [ app_init ] --END-- [ RunTime:0.003000s ]
INFO: [ app_begin ] --START--
INFO: Run Behavior\ReadHtmlCacheBehavior [ RunTime:0.004000s ]
INFO: [ app_begin ] --END-- [ RunTime:0.007000s ]
INFO: [ view_parse ] --START--
INFO: [ template_filter ] --START--
INFO: Run Behavior\ContentReplaceBehavior [ RunTime:0.001000s ]
INFO: [ template_filter ] --END-- [ RunTime:0.004000s ]
NOTIC: [8] Undefined variable: rid C:\Program Files (x86)\webphp\mytyk\Application\Runtime\Cache\Home\cc21586df2e2d87c16cd7e1328158e89.php 第 42 行.
INFO: Run Behavior\ParseTemplateBehavior [ RunTime:0.042002s ]
INFO: [ view_parse ] --END-- [ RunTime:0.046002s ]
INFO: [ view_filter ] --START--
INFO: Run Behavior\WriteHtmlCacheBehavior [ RunTime:0.003000s ]
INFO: [ view_filter ] --END-- [ RunTime:0.006000s ]
INFO: [ app_end ] --START--
INFO: Run Behavior\ShowPageTraceBehavior [ RunTime:0.001000s ]
INFO: [ app_end ] --END-- [ RunTime:0.004000s ]

[ 2016-06-21T07:39:42+08:00 ] 127.0.0.1 /mytyk/index.php/Home/AllocationMenu/menuAllocation/config/jquery-1.7.1.js
INFO: [ app_init ] --START--
INFO: Run Behavior\BuildLiteBehavior [ RunTime:0.001000s ]
INFO: [ app_init ] --END-- [ RunTime:0.003000s ]
INFO: [ app_begin ] --START--
INFO: Run Behavior\ReadHtmlCacheBehavior [ RunTime:0.002000s ]
INFO: [ app_begin ] --END-- [ RunTime:0.006000s ]
INFO: [ view_parse ] --START--
INFO: [ template_filter ] --START--
INFO: Run Behavior\ContentReplaceBehavior [ RunTime:0.001000s ]
INFO: [ template_filter ] --END-- [ RunTime:0.003000s ]
NOTIC: [8] Undefined variable: rid C:\Program Files (x86)\webphp\mytyk\Application\Runtime\Cache\Home\cc21586df2e2d87c16cd7e1328158e89.php 第 42 行.
INFO: Run Behavior\ParseTemplateBehavior [ RunTime:0.040002s ]
INFO: [ view_parse ] --END-- [ RunTime:0.043002s ]
INFO: [ view_filter ] --START--
INFO: Run Behavior\WriteHtmlCacheBehavior [ RunTime:0.002001s ]
INFO: [ view_filter ] --END-- [ RunTime:0.006001s ]
INFO: [ app_end ] --START--
INFO: Run Behavior\ShowPageTraceBehavior [ RunTime:0.002000s ]
INFO: [ app_end ] --END-- [ RunTime:0.004000s ]

[ 2016-06-21T07:40:36+08:00 ] 127.0.0.1 /mytyk/index.php/Home/AllocationMenu/menuAllocation/rid/undefined
INFO: [ app_init ] --START--
INFO: Run Behavior\BuildLiteBehavior [ RunTime:0.000000s ]
INFO: [ app_init ] --END-- [ RunTime:0.003000s ]
INFO: [ app_begin ] --START--
INFO: Run Behavior\ReadHtmlCacheBehavior [ RunTime:0.003000s ]
INFO: [ app_begin ] --END-- [ RunTime:0.007000s ]
INFO: [ view_parse ] --START--
INFO: [ template_filter ] --START--
INFO: Run Behavior\ContentReplaceBehavior [ RunTime:0.002000s ]
INFO: [ template_filter ] --END-- [ RunTime:0.005000s ]
NOTIC: [8] Undefined variable: rid C:\Program Files (x86)\webphp\mytyk\Application\Runtime\Cache\Home\cc21586df2e2d87c16cd7e1328158e89.php 第 42 行.
INFO: Run Behavior\ParseTemplateBehavior [ RunTime:0.050003s ]
INFO: [ view_parse ] --END-- [ RunTime:0.056003s ]
INFO: [ view_filter ] --START--
INFO: Run Behavior\WriteHtmlCacheBehavior [ RunTime:0.004001s ]
INFO: [ view_filter ] --END-- [ RunTime:0.007001s ]
INFO: [ app_end ] --START--
INFO: Run Behavior\ShowPageTraceBehavior [ RunTime:0.002000s ]
INFO: [ app_end ] --END-- [ RunTime:0.005000s ]

[ 2016-06-21T07:40:46+08:00 ] 127.0.0.1 /mytyk/index.php/Home/Allocation/allocationMenu
INFO: [ app_init ] --START--
INFO: Run Behavior\BuildLiteBehavior [ RunTime:0.000000s ]
INFO: [ app_init ] --END-- [ RunTime:0.003000s ]
INFO: [ app_begin ] --START--
INFO: Run Behavior\ReadHtmlCacheBehavior [ RunTime:0.003000s ]
INFO: [ app_begin ] --END-- [ RunTime:0.005000s ]
INFO: [ view_parse ] --START--
INFO: [ template_filter ] --START--
INFO: Run Behavior\ContentReplaceBehavior [ RunTime:0.002000s ]
INFO: [ template_filter ] --END-- [ RunTime:0.005000s ]
NOTIC: [8] A session had already been started - ignoring session_start() C:\Program Files (x86)\webphp\mytyk\Application\Runtime\Cache\Home\1d613aac977438b97a24090263478259.php 第 1 行.
INFO: Run Behavior\ParseTemplateBehavior [ RunTime:0.055004s ]
INFO: [ view_parse ] --END-- [ RunTime:0.059004s ]
INFO: [ view_filter ] --START--
INFO: Run Behavior\WriteHtmlCacheBehavior [ RunTime:0.002000s ]
INFO: [ view_filter ] --END-- [ RunTime:0.005000s ]
INFO: [ app_end ] --START--
INFO: Run Behavior\ShowPageTraceBehavior [ RunTime:0.003001s ]
INFO: [ app_end ] --END-- [ RunTime:0.007001s ]

[ 2016-06-21T07:40:48+08:00 ] 127.0.0.1 /mytyk/index.php/Home/Allocation/loadMenuByPage/pageNo/1/pageSize/10?page=1&rows=10
INFO: [ app_init ] --START--
INFO: Run Behavior\BuildLiteBehavior [ RunTime:0.001000s ]
INFO: [ app_init ] --END-- [ RunTime:0.003000s ]
INFO: [ app_begin ] --START--
INFO: Run Behavior\ReadHtmlCacheBehavior [ RunTime:0.002000s ]
INFO: [ app_begin ] --END-- [ RunTime:0.004000s ]
SQL: SHOW COLUMNS FROM `role` [ RunTime:0.0040s ]
SQL: SELECT * FROM `role`  [ RunTime:0.0020s ]
SQL: SHOW COLUMNS FROM `role` [ RunTime:0.0030s ]
SQL: SELECT count(*) aa FROM `role`  [ RunTime:0.0010s ]

[ 2016-06-21T07:40:50+08:00 ] 127.0.0.1 /mytyk/index.php/Home/AllocationMenu/menuAllocation/rid/undefined
INFO: [ app_init ] --START--
INFO: Run Behavior\BuildLiteBehavior [ RunTime:0.001000s ]
INFO: [ app_init ] --END-- [ RunTime:0.003000s ]
INFO: [ app_begin ] --START--
INFO: Run Behavior\ReadHtmlCacheBehavior [ RunTime:0.001000s ]
INFO: [ app_begin ] --END-- [ RunTime:0.004000s ]
INFO: [ view_parse ] --START--
INFO: [ template_filter ] --START--
INFO: Run Behavior\ContentReplaceBehavior [ RunTime:0.001000s ]
INFO: [ template_filter ] --END-- [ RunTime:0.004000s ]
NOTIC: [8] Undefined variable: rid C:\Program Files (x86)\webphp\mytyk\Application\Runtime\Cache\Home\cc21586df2e2d87c16cd7e1328158e89.php 第 42 行.
INFO: Run Behavior\ParseTemplateBehavior [ RunTime:0.037002s ]
INFO: [ view_parse ] --END-- [ RunTime:0.039002s ]
INFO: [ view_filter ] --START--
INFO: Run Behavior\WriteHtmlCacheBehavior [ RunTime:0.002000s ]
INFO: [ view_filter ] --END-- [ RunTime:0.004000s ]
INFO: [ app_end ] --START--
INFO: Run Behavior\ShowPageTraceBehavior [ RunTime:0.004001s ]
INFO: [ app_end ] --END-- [ RunTime:0.008001s ]

[ 2016-06-21T07:41:57+08:00 ] 127.0.0.1 /mytyk/index.php/Home/Allocation/allocationMenu
INFO: [ app_init ] --START--
INFO: Run Behavior\BuildLiteBehavior [ RunTime:0.001000s ]
INFO: [ app_init ] --END-- [ RunTime:0.006000s ]
INFO: [ app_begin ] --START--
INFO: Run Behavior\ReadHtmlCacheBehavior [ RunTime:0.001000s ]
INFO: [ app_begin ] --END-- [ RunTime:0.005000s ]
INFO: [ view_parse ] --START--
INFO: [ template_filter ] --START--
INFO: Run Behavior\ContentReplaceBehavior [ RunTime:0.001000s ]
INFO: [ template_filter ] --END-- [ RunTime:0.003000s ]
NOTIC: [8] A session had already been started - ignoring session_start() C:\Program Files (x86)\webphp\mytyk\Application\Runtime\Cache\Home\1d613aac977438b97a24090263478259.php 第 1 行.
INFO: Run Behavior\ParseTemplateBehavior [ RunTime:0.041002s ]
INFO: [ view_parse ] --END-- [ RunTime:0.045003s ]
INFO: [ view_filter ] --START--
INFO: Run Behavior\WriteHtmlCacheBehavior [ RunTime:0.004000s ]
INFO: [ view_filter ] --END-- [ RunTime:0.007001s ]
INFO: [ app_end ] --START--
INFO: Run Behavior\ShowPageTraceBehavior [ RunTime:0.002000s ]
INFO: [ app_end ] --END-- [ RunTime:0.004000s ]

[ 2016-06-21T07:41:59+08:00 ] 127.0.0.1 /mytyk/index.php/Home/Allocation/loadMenuByPage/pageNo/1/pageSize/10?page=1&rows=10
INFO: [ app_init ] --START--
INFO: Run Behavior\BuildLiteBehavior [ RunTime:0.001000s ]
INFO: [ app_init ] --END-- [ RunTime:0.009000s ]
INFO: [ app_begin ] --START--
INFO: Run Behavior\ReadHtmlCacheBehavior [ RunTime:0.004000s ]
INFO: [ app_begin ] --END-- [ RunTime:0.008001s ]
SQL: SHOW COLUMNS FROM `role` [ RunTime:0.0030s ]
SQL: SELECT * FROM `role`  [ RunTime:0.0010s ]
SQL: SHOW COLUMNS FROM `role` [ RunTime:0.0050s ]
SQL: SELECT count(*) aa FROM `role`  [ RunTime:0.0010s ]

[ 2016-06-21T07:42:01+08:00 ] 127.0.0.1 /mytyk/index.php/Home/AllocationMenu/menuAllocation/rid/undefined
INFO: [ app_init ] --START--
INFO: Run Behavior\BuildLiteBehavior [ RunTime:0.001000s ]
INFO: [ app_init ] --END-- [ RunTime:0.004001s ]
INFO: [ app_begin ] --START--
INFO: Run Behavior\ReadHtmlCacheBehavior [ RunTime:0.003000s ]
INFO: [ app_begin ] --END-- [ RunTime:0.007001s ]
INFO: [ view_parse ] --START--
INFO: [ template_filter ] --START--
INFO: Run Behavior\ContentReplaceBehavior [ RunTime:0.001000s ]
INFO: [ template_filter ] --END-- [ RunTime:0.003001s ]
NOTIC: [8] Undefined variable: rid C:\Program Files (x86)\webphp\mytyk\Application\Runtime\Cache\Home\cc21586df2e2d87c16cd7e1328158e89.php 第 42 行.
INFO: Run Behavior\ParseTemplateBehavior [ RunTime:0.045003s ]
INFO: [ view_parse ] --END-- [ RunTime:0.048003s ]
INFO: [ view_filter ] --START--
INFO: Run Behavior\WriteHtmlCacheBehavior [ RunTime:0.002000s ]
INFO: [ view_filter ] --END-- [ RunTime:0.007001s ]
INFO: [ app_end ] --START--
INFO: Run Behavior\ShowPageTraceBehavior [ RunTime:0.003000s ]
INFO: [ app_end ] --END-- [ RunTime:0.008000s ]

[ 2016-06-21T08:32:04+08:00 ] 127.0.0.1 /mytyk/index.php/Home/GLclass/loginClass/pageNo/1/pageSize/10
INFO: [ app_init ] --START--
INFO: Run Behavior\BuildLiteBehavior [ RunTime:0.000000s ]
INFO: [ app_init ] --END-- [ RunTime:0.004000s ]
INFO: [ app_begin ] --START--
INFO: Run Behavior\ReadHtmlCacheBehavior [ RunTime:0.003000s ]
INFO: [ app_begin ] --END-- [ RunTime:0.005000s ]
SQL: SHOW COLUMNS FROM `class` [ RunTime:0.0100s ]
SQL: select count(*) as cc  from class c,euser u1,euser u2 where c.headerid=u1.uid and c.managerid=u2.uid  [ RunTime:0.0050s ]
SQL: select c.cid,c.name,c.classtype,c.status,c.createtime,c.begintime,c.endtime,u1.truename as headername,
            u2.truename as managename,c.stucount,c.remark from class c,euser u1,euser u2 where c.headerid=u1.uid and c.managerid=u2.uid limit 0,10 [ RunTime:0.0010s ]

[ 2016-06-21T08:32:57+08:00 ] 127.0.0.1 /mytyk/index.php/Home/Allocation/menuAllocation/rid/1
INFO: [ app_init ] --START--
INFO: Run Behavior\BuildLiteBehavior [ RunTime:0.000000s ]
INFO: [ app_init ] --END-- [ RunTime:0.003001s ]
INFO: [ app_begin ] --START--
INFO: Run Behavior\ReadHtmlCacheBehavior [ RunTime:0.001000s ]
INFO: [ app_begin ] --END-- [ RunTime:0.004000s ]
ERR: 非法操作:menuAllocation
NOTIC: [2] Cannot modify header information - headers already sent by (output started at C:\Program Files (x86)\webphp\mytyk\ThinkPHP\Library\Think\App.class.php:124) C:\Program Files (x86)\webphp\mytyk\ThinkPHP\Library\Think\Think.class.php 第 229 行.
NOTIC: [2] Cannot modify header information - headers already sent by (output started at C:\Program Files (x86)\webphp\mytyk\ThinkPHP\Library\Think\App.class.php:124) C:\Program Files (x86)\webphp\mytyk\ThinkPHP\Library\Think\Think.class.php 第 230 行.

[ 2016-06-21T08:34:23+08:00 ] 127.0.0.1 /mytyk/index.php/Home/AllocationMenu/menuAllocation/rid/1
INFO: [ app_init ] --START--
INFO: Run Behavior\BuildLiteBehavior [ RunTime:0.000000s ]
INFO: [ app_init ] --END-- [ RunTime:0.000000s ]
INFO: [ app_begin ] --START--
INFO: Run Behavior\ReadHtmlCacheBehavior [ RunTime:0.000000s ]
INFO: [ app_begin ] --END-- [ RunTime:0.000000s ]
ERR: :
 [ SQL语句 ] : select m.menuid,m.name,(select 1 from rolemenu rm where rm.menuid = m.menuid and rm.rid = ?) from menu m;
ERR: :
 [ SQL语句 ] : select m.menuid,m.name,(select 1 from rolemenu rm where rm.menuid = m.menuid and rm.rid = ?) from menu m;
NOTIC: [2] Cannot modify header information - headers already sent by (output started at C:\Program Files (x86)\webphp\mytyk\ThinkPHP\Library\Think\Db\Driver.class.php:170) C:\Program Files (x86)\webphp\mytyk\ThinkPHP\Library\Think\Think.class.php 第 229 行.
NOTIC: [2] Cannot modify header information - headers already sent by (output started at C:\Program Files (x86)\webphp\mytyk\ThinkPHP\Library\Think\Db\Driver.class.php:170) C:\Program Files (x86)\webphp\mytyk\ThinkPHP\Library\Think\Think.class.php 第 230 行.

[ 2016-06-21T08:35:05+08:00 ] 127.0.0.1 /mytyk/index.php/Home/AllocationMenu/menuAllocation/rid/1
INFO: [ app_init ] --START--
INFO: Run Behavior\BuildLiteBehavior [ RunTime:0.000000s ]
INFO: [ app_init ] --END-- [ RunTime:0.015600s ]
INFO: [ app_begin ] --START--
INFO: Run Behavior\ReadHtmlCacheBehavior [ RunTime:0.000000s ]
INFO: [ app_begin ] --END-- [ RunTime:0.000000s ]
ERR: :
 [ SQL语句 ] : select m.menuid,m.name,(select 1 from rolemenu rm where rm.menuid = m.menuid and rm.rid = ?) from menu m;
ERR: :
 [ SQL语句 ] : select m.menuid,m.name,(select 1 from rolemenu rm where rm.menuid = m.menuid and rm.rid = ?) from menu m;
NOTIC: [2] Cannot modify header information - headers already sent by (output started at C:\Program Files (x86)\webphp\mytyk\ThinkPHP\Library\Think\Db\Driver.class.php:170) C:\Program Files (x86)\webphp\mytyk\ThinkPHP\Library\Think\Think.class.php 第 229 行.
NOTIC: [2] Cannot modify header information - headers already sent by (output started at C:\Program Files (x86)\webphp\mytyk\ThinkPHP\Library\Think\Db\Driver.class.php:170) C:\Program Files (x86)\webphp\mytyk\ThinkPHP\Library\Think\Think.class.php 第 230 行.

[ 2016-06-21T08:39:13+08:00 ] 127.0.0.1 /mytyk/index.php/Home/AllocationMenu/menuAllocation/rid/1
INFO: [ app_init ] --START--
INFO: Run Behavior\BuildLiteBehavior [ RunTime:0.000000s ]
INFO: [ app_init ] --END-- [ RunTime:0.015600s ]
INFO: [ app_begin ] --START--
INFO: Run Behavior\ReadHtmlCacheBehavior [ RunTime:0.000000s ]
INFO: [ app_begin ] --END-- [ RunTime:0.000000s ]
SQL: SHOW COLUMNS FROM `rolemenu` [ RunTime:0.0156s ]
INFO: [ app_end ] --START--
INFO: Run Behavior\ShowPageTraceBehavior [ RunTime:0.000000s ]
INFO: [ app_end ] --END-- [ RunTime:0.000000s ]

[ 2016-06-21T08:53:07+08:00 ] 127.0.0.1 /mytyk/index.php/Home/AllocationMenu/menuAllocation/rid/1
INFO: [ app_init ] --START--
INFO: Run Behavior\BuildLiteBehavior [ RunTime:0.000000s ]
INFO: [ app_init ] --END-- [ RunTime:0.015600s ]
INFO: [ app_begin ] --START--
INFO: Run Behavior\ReadHtmlCacheBehavior [ RunTime:0.000000s ]
INFO: [ app_begin ] --END-- [ RunTime:0.000000s ]
ERR: 1103:Incorrect table name ''
 [ SQL语句 ] : SHOW COLUMNS FROM ``
ERR: 1103:Incorrect table name ''
 [ SQL语句 ] : SHOW COLUMNS FROM ``
NOTIC: [2] Cannot modify header information - headers already sent by (output started at C:\Program Files (x86)\webphp\mytyk\ThinkPHP\Library\Think\Db\Driver.class.php:170) C:\Program Files (x86)\webphp\mytyk\ThinkPHP\Library\Think\Think.class.php 第 229 行.
NOTIC: [2] Cannot modify header information - headers already sent by (output started at C:\Program Files (x86)\webphp\mytyk\ThinkPHP\Library\Think\Db\Driver.class.php:170) C:\Program Files (x86)\webphp\mytyk\ThinkPHP\Library\Think\Think.class.php 第 230 行.

[ 2016-06-21T08:53:29+08:00 ] 127.0.0.1 /mytyk/index.php/Home/AllocationMenu/menuAllocation/rid/1
INFO: [ app_init ] --START--
INFO: Run Behavior\BuildLiteBehavior [ RunTime:0.000000s ]
INFO: [ app_init ] --END-- [ RunTime:0.015600s ]
INFO: [ app_begin ] --START--
INFO: Run Behavior\ReadHtmlCacheBehavior [ RunTime:0.000000s ]
INFO: [ app_begin ] --END-- [ RunTime:0.000000s ]
SQL: SHOW COLUMNS FROM `menu` [ RunTime:0.0000s ]
INFO: [ app_end ] --START--
INFO: Run Behavior\ShowPageTraceBehavior [ RunTime:0.000000s ]
INFO: [ app_end ] --END-- [ RunTime:0.000000s ]

[ 2016-06-21T08:56:15+08:00 ] 127.0.0.1 /mytyk/index.php/Home/AllocationMenu/menuAllocation/rid/1
INFO: [ app_init ] --START--
INFO: Run Behavior\BuildLiteBehavior [ RunTime:0.000000s ]
INFO: [ app_init ] --END-- [ RunTime:0.000000s ]
INFO: [ app_begin ] --START--
INFO: Run Behavior\ReadHtmlCacheBehavior [ RunTime:0.000000s ]
INFO: [ app_begin ] --END-- [ RunTime:0.000000s ]
SQL: SHOW COLUMNS FROM `rolemenu` [ RunTime:0.0000s ]
SQL: SELECT m.menuid,m.name FROM rolemenu rm,menu m WHERE ( rm.menuid = m.menuid and rm.rid = 1 )  [ RunTime:0.0000s ]
SQL: SHOW COLUMNS FROM `menu` [ RunTime:0.0000s ]
INFO: [ app_end ] --START--
INFO: Run Behavior\ShowPageTraceBehavior [ RunTime:0.000000s ]
INFO: [ app_end ] --END-- [ RunTime:0.000000s ]

[ 2016-06-21T08:56:33+08:00 ] 127.0.0.1 /mytyk/index.php/Home/AllocationMenu/menuAllocation/rid/1
INFO: [ app_init ] --START--
INFO: Run Behavior\BuildLiteBehavior [ RunTime:0.000000s ]
INFO: [ app_init ] --END-- [ RunTime:0.000000s ]
INFO: [ app_begin ] --START--
INFO: Run Behavior\ReadHtmlCacheBehavior [ RunTime:0.000000s ]
INFO: [ app_begin ] --END-- [ RunTime:0.000000s ]
SQL: SHOW COLUMNS FROM `rolemenu` [ RunTime:0.0000s ]
SQL: SHOW COLUMNS FROM `menu` [ RunTime:0.0000s ]
SQL: SELECT m.menuid,m.name FROM menu m  [ RunTime:0.0000s ]
INFO: [ app_end ] --START--
INFO: Run Behavior\ShowPageTraceBehavior [ RunTime:0.015600s ]
INFO: [ app_end ] --END-- [ RunTime:0.015600s ]

[ 2016-06-21T09:01:52+08:00 ] 127.0.0.1 /mytyk/index.php/Home/AllocationMenu/menuAllocation/rid/1
INFO: [ app_init ] --START--
INFO: Run Behavior\BuildLiteBehavior [ RunTime:0.000000s ]
INFO: [ app_init ] --END-- [ RunTime:0.015600s ]
INFO: [ app_begin ] --START--
INFO: Run Behavior\ReadHtmlCacheBehavior [ RunTime:0.000000s ]
INFO: [ app_begin ] --END-- [ RunTime:0.000000s ]
SQL: SHOW COLUMNS FROM `rolemenu` [ RunTime:0.0000s ]
SQL: SELECT m.menuid,m.name FROM rolemenu rm,menu m WHERE ( rm.menuid = m.menuid and rm.rid = 1 )  [ RunTime:0.0000s ]
SQL: SHOW COLUMNS FROM `menu` [ RunTime:0.0000s ]
SQL: SELECT m.menuid,m.name FROM menu m  [ RunTime:0.0000s ]
INFO: [ app_end ] --START--
INFO: Run Behavior\ShowPageTraceBehavior [ RunTime:0.000000s ]
INFO: [ app_end ] --END-- [ RunTime:0.000000s ]

[ 2016-06-21T09:02:11+08:00 ] 127.0.0.1 /mytyk/index.php/Home/AllocationMenu/menuAllocation/rid/1
INFO: [ app_init ] --START--
INFO: Run Behavior\BuildLiteBehavior [ RunTime:0.000000s ]
INFO: [ app_init ] --END-- [ RunTime:0.000000s ]
INFO: [ app_begin ] --START--
INFO: Run Behavior\ReadHtmlCacheBehavior [ RunTime:0.000000s ]
INFO: [ app_begin ] --END-- [ RunTime:0.000000s ]
SQL: SHOW COLUMNS FROM `rolemenu` [ RunTime:0.0000s ]
SQL: SELECT m.menuid,m.name,1 FROM rolemenu rm,menu m WHERE ( rm.menuid = m.menuid and rm.rid = 1 )  [ RunTime:0.0000s ]
SQL: SHOW COLUMNS FROM `menu` [ RunTime:0.0000s ]
SQL: SELECT m.menuid,m.name FROM menu m  [ RunTime:0.0000s ]
INFO: [ app_end ] --START--
INFO: Run Behavior\ShowPageTraceBehavior [ RunTime:0.000000s ]
INFO: [ app_end ] --END-- [ RunTime:0.000000s ]

[ 2016-06-21T09:59:24+08:00 ] 127.0.0.1 /mytyk/index.php/Home/User/login
INFO: [ app_init ] --START--
INFO: Run Behavior\BuildLiteBehavior [ RunTime:0.001000s ]
INFO: [ app_init ] --END-- [ RunTime:0.006001s ]
INFO: [ app_begin ] --START--
INFO: Run Behavior\ReadHtmlCacheBehavior [ RunTime:0.002000s ]
INFO: [ app_begin ] --END-- [ RunTime:0.004000s ]
INFO: [ app_end ] --START--
INFO: Run Behavior\ShowPageTraceBehavior [ RunTime:0.003000s ]
INFO: [ app_end ] --END-- [ RunTime:0.007000s ]

[ 2016-06-21T10:01:26+08:00 ] 127.0.0.1 /mytyk/index.php/Home/User/login
INFO: [ app_init ] --START--
INFO: Run Behavior\BuildLiteBehavior [ RunTime:0.000000s ]
INFO: [ app_init ] --END-- [ RunTime:0.003000s ]
INFO: [ app_begin ] --START--
INFO: Run Behavior\ReadHtmlCacheBehavior [ RunTime:0.002000s ]
INFO: [ app_begin ] --END-- [ RunTime:0.004000s ]
INFO: [ app_end ] --START--
INFO: Run Behavior\ShowPageTraceBehavior [ RunTime:0.004000s ]
INFO: [ app_end ] --END-- [ RunTime:0.010001s ]

[ 2016-06-21T10:01:28+08:00 ] 127.0.0.1 /mytyk/index.php/Home/GAllocationMenu/menuAllocation
INFO: [ app_init ] --START--
INFO: Run Behavior\BuildLiteBehavior [ RunTime:0.001000s ]
INFO: [ app_init ] --END-- [ RunTime:0.003000s ]
INFO: [ app_begin ] --START--
INFO: Run Behavior\ReadHtmlCacheBehavior [ RunTime:0.002000s ]
INFO: [ app_begin ] --END-- [ RunTime:0.005000s ]
ERR: 无法加载控制器:GAllocationMenu

[ 2016-06-21T10:01:34+08:00 ] 127.0.0.1 /mytyk/index.php/Home/Memu/Menu
INFO: [ app_init ] --START--
INFO: Run Behavior\BuildLiteBehavior [ RunTime:0.001000s ]
INFO: [ app_init ] --END-- [ RunTime:0.003000s ]
INFO: [ app_begin ] --START--
INFO: Run Behavior\ReadHtmlCacheBehavior [ RunTime:0.002000s ]
INFO: [ app_begin ] --END-- [ RunTime:0.006000s ]
ERR: 无法加载控制器:Memu

[ 2016-06-21T10:03:08+08:00 ] 127.0.0.1 /mytyk/index.php/Home/User/login
INFO: [ app_init ] --START--
INFO: Run Behavior\BuildLiteBehavior [ RunTime:0.000000s ]
INFO: [ app_init ] --END-- [ RunTime:0.004000s ]
INFO: [ app_begin ] --START--
INFO: Run Behavior\ReadHtmlCacheBehavior [ RunTime:0.001000s ]
INFO: [ app_begin ] --END-- [ RunTime:0.005000s ]
INFO: [ app_end ] --START--
INFO: Run Behavior\ShowPageTraceBehavior [ RunTime:0.003000s ]
INFO: [ app_end ] --END-- [ RunTime:0.008000s ]

[ 2016-06-21T10:03:11+08:00 ] 127.0.0.1 /mytyk/index.php/Home/Menu/menu
INFO: [ app_init ] --START--
INFO: Run Behavior\BuildLiteBehavior [ RunTime:0.000000s ]
INFO: [ app_init ] --END-- [ RunTime:0.003000s ]
INFO: [ app_begin ] --START--
INFO: Run Behavior\ReadHtmlCacheBehavior [ RunTime:0.003000s ]
INFO: [ app_begin ] --END-- [ RunTime:0.006000s ]
SQL: SHOW COLUMNS FROM `menu` [ RunTime:0.0090s ]
INFO: [ view_parse ] --START--
INFO: [ template_filter ] --START--
INFO: Run Behavior\ContentReplaceBehavior [ RunTime:0.001000s ]
INFO: [ template_filter ] --END-- [ RunTime:0.004001s ]
INFO: Run Behavior\ParseTemplateBehavior [ RunTime:0.044003s ]
INFO: [ view_parse ] --END-- [ RunTime:0.047003s ]
INFO: [ view_filter ] --START--
INFO: Run Behavior\WriteHtmlCacheBehavior [ RunTime:0.002000s ]
INFO: [ view_filter ] --END-- [ RunTime:0.004000s ]
INFO: [ app_end ] --START--
INFO: Run Behavior\ShowPageTraceBehavior [ RunTime:0.002000s ]
INFO: [ app_end ] --END-- [ RunTime:0.004001s ]

[ 2016-06-21T10:03:13+08:00 ] 127.0.0.1 /mytyk/index.php/Home/Menu/loadMenuByPag/pageNo/1/pageSize/10?page=1&rows=10
INFO: [ app_init ] --START--
INFO: Run Behavior\BuildLiteBehavior [ RunTime:0.001000s ]
INFO: [ app_init ] --END-- [ RunTime:0.004000s ]
INFO: [ app_begin ] --START--
INFO: Run Behavior\ReadHtmlCacheBehavior [ RunTime:0.006000s ]
INFO: [ app_begin ] --END-- [ RunTime:0.011001s ]
SQL: SHOW COLUMNS FROM `menu` [ RunTime:0.0090s ]
SQL: SHOW COLUMNS FROM `menu` [ RunTime:0.0040s ]
SQL: SELECT m.menuid,m.name mname,m.url,m2.name m2name,m.isshow FROM menu m,menu m2 WHERE ( m.parentid = m2.menuid ) LIMIT 0,10   [ RunTime:0.0010s ]
SQL: SHOW COLUMNS FROM `menu` [ RunTime:0.0030s ]
SQL: SELECT count(*) total FROM menu m,menu m2 WHERE ( m.parentid = m2.menuid )  [ RunTime:0.0010s ]

[ 2016-06-21T10:03:34+08:00 ] 127.0.0.1 /mytyk/index.php/Home/AllocationMenu/menuAllocation
INFO: [ app_init ] --START--
INFO: Run Behavior\BuildLiteBehavior [ RunTime:0.000000s ]
INFO: [ app_init ] --END-- [ RunTime:0.004000s ]
INFO: [ app_begin ] --START--
INFO: Run Behavior\ReadHtmlCacheBehavior [ RunTime:0.002000s ]
INFO: [ app_begin ] --END-- [ RunTime:0.004000s ]
SQL: SHOW COLUMNS FROM `rolemenu` [ RunTime:0.0150s ]
SQL: SELECT m.menuid,m.name,1 FROM rolemenu rm,menu m WHERE ( rm.menuid = m.menuid and rm.rid = -1 )  [ RunTime:0.0030s ]
SQL: SHOW COLUMNS FROM `menu` [ RunTime:0.0050s ]
SQL: SELECT m.menuid,m.name FROM menu m  [ RunTime:0.0010s ]
NOTIC: [8] Undefined variable: sql C:\Program Files (x86)\webphp\mytyk\Application\Home\Controller\AllocationMenuController.class.php 第 21 行.
NOTIC: [2] addslashes() expects parameter 1 to be string, array given C:\Program Files (x86)\webphp\mytyk\ThinkPHP\Library\Think\Db\Driver.class.php 第 1031 行.
NOTIC: [2] addslashes() expects parameter 1 to be string, array given C:\Program Files (x86)\webphp\mytyk\ThinkPHP\Library\Think\Db\Driver.class.php 第 1031 行.
NOTIC: [2] addslashes() expects parameter 1 to be string, array given C:\Program Files (x86)\webphp\mytyk\ThinkPHP\Library\Think\Db\Driver.class.php 第 1031 行.
NOTIC: [2] addslashes() expects parameter 1 to be string, array given C:\Program Files (x86)\webphp\mytyk\ThinkPHP\Library\Think\Db\Driver.class.php 第 1031 行.
NOTIC: [2] addslashes() expects parameter 1 to be string, array given C:\Program Files (x86)\webphp\mytyk\ThinkPHP\Library\Think\Db\Driver.class.php 第 1031 行.
NOTIC: [2] addslashes() expects parameter 1 to be string, array given C:\Program Files (x86)\webphp\mytyk\ThinkPHP\Library\Think\Db\Driver.class.php 第 1031 行.
NOTIC: [2] addslashes() expects parameter 1 to be string, array given C:\Program Files (x86)\webphp\mytyk\ThinkPHP\Library\Think\Db\Driver.class.php 第 1031 行.
NOTIC: [2] addslashes() expects parameter 1 to be string, array given C:\Program Files (x86)\webphp\mytyk\ThinkPHP\Library\Think\Db\Driver.class.php 第 1031 行.
NOTIC: [2] addslashes() expects parameter 1 to be string, array given C:\Program Files (x86)\webphp\mytyk\ThinkPHP\Library\Think\Db\Driver.class.php 第 1031 行.
NOTIC: [2] addslashes() expects parameter 1 to be string, array given C:\Program Files (x86)\webphp\mytyk\ThinkPHP\Library\Think\Db\Driver.class.php 第 1031 行.
NOTIC: [2] addslashes() expects parameter 1 to be string, array given C:\Program Files (x86)\webphp\mytyk\ThinkPHP\Library\Think\Db\Driver.class.php 第 1031 行.
NOTIC: [2] addslashes() expects parameter 1 to be string, array given C:\Program Files (x86)\webphp\mytyk\ThinkPHP\Library\Think\Db\Driver.class.php 第 1031 行.
NOTIC: [2] addslashes() expects parameter 1 to be string, array given C:\Program Files (x86)\webphp\mytyk\ThinkPHP\Library\Think\Db\Driver.class.php 第 1031 行.
NOTIC: [2] addslashes() expects parameter 1 to be string, array given C:\Program Files (x86)\webphp\mytyk\ThinkPHP\Library\Think\Db\Driver.class.php 第 1031 行.
NOTIC: [2] addslashes() expects parameter 1 to be string, array given C:\Program Files (x86)\webphp\mytyk\ThinkPHP\Library\Think\Db\Driver.class.php 第 1031 行.
NOTIC: [2] addslashes() expects parameter 1 to be string, array given C:\Program Files (x86)\webphp\mytyk\ThinkPHP\Library\Think\Db\Driver.class.php 第 1031 行.
NOTIC: [2] addslashes() expects parameter 1 to be string, array given C:\Program Files (x86)\webphp\mytyk\ThinkPHP\Library\Think\Db\Driver.class.php 第 1031 行.
NOTIC: [2] addslashes() expects parameter 1 to be string, array given C:\Program Files (x86)\webphp\mytyk\ThinkPHP\Library\Think\Db\Driver.class.php 第 1031 行.
NOTIC: [2] addslashes() expects parameter 1 to be string, array given C:\Program Files (x86)\webphp\mytyk\ThinkPHP\Library\Think\Db\Driver.class.php 第 1031 行.
NOTIC: [2] addslashes() expects parameter 1 to be string, array given C:\Program Files (x86)\webphp\mytyk\ThinkPHP\Library\Think\Db\Driver.class.php 第 1031 行.
ERR: 1065:Query was empty
ERR: 1065:Query was empty
NOTIC: [2] Cannot modify header information - headers already sent by (output started at C:\Program Files (x86)\webphp\mytyk\ThinkPHP\Library\Think\Db\Driver.class.php:170) C:\Program Files (x86)\webphp\mytyk\ThinkPHP\Library\Think\Think.class.php 第 229 行.
NOTIC: [2] Cannot modify header information - headers already sent by (output started at C:\Program Files (x86)\webphp\mytyk\ThinkPHP\Library\Think\Db\Driver.class.php:170) C:\Program Files (x86)\webphp\mytyk\ThinkPHP\Library\Think\Think.class.php 第 230 行.

[ 2016-06-21T10:04:55+08:00 ] 127.0.0.1 /mytyk/index.php/Home/AllocationMenu/menuAllocation
INFO: [ app_init ] --START--
INFO: Run Behavior\BuildLiteBehavior [ RunTime:0.001000s ]
INFO: [ app_init ] --END-- [ RunTime:0.004000s ]
INFO: [ app_begin ] --START--
INFO: Run Behavior\ReadHtmlCacheBehavior [ RunTime:0.002000s ]
INFO: [ app_begin ] --END-- [ RunTime:0.004000s ]
SQL: SHOW COLUMNS FROM `rolemenu` [ RunTime:0.0090s ]
SQL: SELECT m.menuid,m.name,1 FROM rolemenu rm,menu m WHERE ( rm.menuid = m.menuid and rm.rid = -1 )  [ RunTime:0.0090s ]
SQL: SHOW COLUMNS FROM `menu` [ RunTime:0.0050s ]
SQL: SELECT m.menuid,m.name FROM menu m  [ RunTime:0.0010s ]
NOTIC: [8] Undefined variable: sql C:\Program Files (x86)\webphp\mytyk\Application\Home\Controller\AllocationMenuController.class.php 第 21 行.
NOTIC: [2] addslashes() expects parameter 1 to be string, array given C:\Program Files (x86)\webphp\mytyk\ThinkPHP\Library\Think\Db\Driver.class.php 第 1031 行.
NOTIC: [2] addslashes() expects parameter 1 to be string, array given C:\Program Files (x86)\webphp\mytyk\ThinkPHP\Library\Think\Db\Driver.class.php 第 1031 行.
NOTIC: [2] addslashes() expects parameter 1 to be string, array given C:\Program Files (x86)\webphp\mytyk\ThinkPHP\Library\Think\Db\Driver.class.php 第 1031 行.
NOTIC: [2] addslashes() expects parameter 1 to be string, array given C:\Program Files (x86)\webphp\mytyk\ThinkPHP\Library\Think\Db\Driver.class.php 第 1031 行.
NOTIC: [2] addslashes() expects parameter 1 to be string, array given C:\Program Files (x86)\webphp\mytyk\ThinkPHP\Library\Think\Db\Driver.class.php 第 1031 行.
NOTIC: [2] addslashes() expects parameter 1 to be string, array given C:\Program Files (x86)\webphp\mytyk\ThinkPHP\Library\Think\Db\Driver.class.php 第 1031 行.
NOTIC: [2] addslashes() expects parameter 1 to be string, array given C:\Program Files (x86)\webphp\mytyk\ThinkPHP\Library\Think\Db\Driver.class.php 第 1031 行.
NOTIC: [2] addslashes() expects parameter 1 to be string, array given C:\Program Files (x86)\webphp\mytyk\ThinkPHP\Library\Think\Db\Driver.class.php 第 1031 行.
NOTIC: [2] addslashes() expects parameter 1 to be string, array given C:\Program Files (x86)\webphp\mytyk\ThinkPHP\Library\Think\Db\Driver.class.php 第 1031 行.
NOTIC: [2] addslashes() expects parameter 1 to be string, array given C:\Program Files (x86)\webphp\mytyk\ThinkPHP\Library\Think\Db\Driver.class.php 第 1031 行.
NOTIC: [2] addslashes() expects parameter 1 to be string, array given C:\Program Files (x86)\webphp\mytyk\ThinkPHP\Library\Think\Db\Driver.class.php 第 1031 行.
NOTIC: [2] addslashes() expects parameter 1 to be string, array given C:\Program Files (x86)\webphp\mytyk\ThinkPHP\Library\Think\Db\Driver.class.php 第 1031 行.
NOTIC: [2] addslashes() expects parameter 1 to be string, array given C:\Program Files (x86)\webphp\mytyk\ThinkPHP\Library\Think\Db\Driver.class.php 第 1031 行.
NOTIC: [2] addslashes() expects parameter 1 to be string, array given C:\Program Files (x86)\webphp\mytyk\ThinkPHP\Library\Think\Db\Driver.class.php 第 1031 行.
NOTIC: [2] addslashes() expects parameter 1 to be string, array given C:\Program Files (x86)\webphp\mytyk\ThinkPHP\Library\Think\Db\Driver.class.php 第 1031 行.
NOTIC: [2] addslashes() expects parameter 1 to be string, array given C:\Program Files (x86)\webphp\mytyk\ThinkPHP\Library\Think\Db\Driver.class.php 第 1031 行.
NOTIC: [2] addslashes() expects parameter 1 to be string, array given C:\Program Files (x86)\webphp\mytyk\ThinkPHP\Library\Think\Db\Driver.class.php 第 1031 行.
NOTIC: [2] addslashes() expects parameter 1 to be string, array given C:\Program Files (x86)\webphp\mytyk\ThinkPHP\Library\Think\Db\Driver.class.php 第 1031 行.
NOTIC: [2] addslashes() expects parameter 1 to be string, array given C:\Program Files (x86)\webphp\mytyk\ThinkPHP\Library\Think\Db\Driver.class.php 第 1031 行.
NOTIC: [2] addslashes() expects parameter 1 to be string, array given C:\Program Files (x86)\webphp\mytyk\ThinkPHP\Library\Think\Db\Driver.class.php 第 1031 行.
ERR: 1065:Query was empty
ERR: 1065:Query was empty
NOTIC: [2] Cannot modify header information - headers already sent by (output started at C:\Program Files (x86)\webphp\mytyk\ThinkPHP\Library\Think\Db\Driver.class.php:170) C:\Program Files (x86)\webphp\mytyk\ThinkPHP\Library\Think\Think.class.php 第 229 行.
NOTIC: [2] Cannot modify header information - headers already sent by (output started at C:\Program Files (x86)\webphp\mytyk\ThinkPHP\Library\Think\Db\Driver.class.php:170) C:\Program Files (x86)\webphp\mytyk\ThinkPHP\Library\Think\Think.class.php 第 230 行.

[ 2016-06-21T10:05:17+08:00 ] 127.0.0.1 /mytyk/index.php/Home/User/login
INFO: [ app_init ] --START--
INFO: Run Behavior\BuildLiteBehavior [ RunTime:0.000000s ]
INFO: [ app_init ] --END-- [ RunTime:0.004001s ]
INFO: [ app_begin ] --START--
INFO: Run Behavior\ReadHtmlCacheBehavior [ RunTime:0.002000s ]
INFO: [ app_begin ] --END-- [ RunTime:0.004000s ]
INFO: [ app_end ] --START--
INFO: Run Behavior\ShowPageTraceBehavior [ RunTime:0.003000s ]
INFO: [ app_end ] --END-- [ RunTime:0.006000s ]

[ 2016-06-21T10:05:19+08:00 ] 127.0.0.1 /mytyk/index.php/Home/Allocation/allocationMenu
INFO: [ app_init ] --START--
INFO: Run Behavior\BuildLiteBehavior [ RunTime:0.001000s ]
INFO: [ app_init ] --END-- [ RunTime:0.004000s ]
INFO: [ app_begin ] --START--
INFO: Run Behavior\ReadHtmlCacheBehavior [ RunTime:0.003000s ]
INFO: [ app_begin ] --END-- [ RunTime:0.006001s ]
INFO: [ view_parse ] --START--
INFO: [ template_filter ] --START--
INFO: Run Behavior\ContentReplaceBehavior [ RunTime:0.001000s ]
INFO: [ template_filter ] --END-- [ RunTime:0.004000s ]
INFO: Run Behavior\ParseTemplateBehavior [ RunTime:0.033002s ]
INFO: [ view_parse ] --END-- [ RunTime:0.037002s ]
INFO: [ view_filter ] --START--
INFO: Run Behavior\WriteHtmlCacheBehavior [ RunTime:0.001001s ]
INFO: [ view_filter ] --END-- [ RunTime:0.003001s ]
INFO: [ app_end ] --START--
INFO: Run Behavior\ShowPageTraceBehavior [ RunTime:0.002000s ]
INFO: [ app_end ] --END-- [ RunTime:0.006000s ]

[ 2016-06-21T10:05:20+08:00 ] 127.0.0.1 /mytyk/index.php/Home/Allocation/loadMenuByPage/pageNo/1/pageSize/10?page=1&rows=10
INFO: [ app_init ] --START--
INFO: Run Behavior\BuildLiteBehavior [ RunTime:0.001000s ]
INFO: [ app_init ] --END-- [ RunTime:0.005000s ]
INFO: [ app_begin ] --START--
INFO: Run Behavior\ReadHtmlCacheBehavior [ RunTime:0.003000s ]
INFO: [ app_begin ] --END-- [ RunTime:0.004000s ]
SQL: SHOW COLUMNS FROM `role` [ RunTime:0.0090s ]
SQL: SELECT * FROM `role`  [ RunTime:0.0000s ]
SQL: SHOW COLUMNS FROM `role` [ RunTime:0.0070s ]
SQL: SELECT count(*) aa FROM `role`  [ RunTime:0.0010s ]

[ 2016-06-21T10:05:24+08:00 ] 127.0.0.1 /mytyk/index.php/Home/AllocationMenu/menuAllocation/rid/undefined
INFO: [ app_init ] --START--
INFO: Run Behavior\BuildLiteBehavior [ RunTime:0.001000s ]
INFO: [ app_init ] --END-- [ RunTime:0.004000s ]
INFO: [ app_begin ] --START--
INFO: Run Behavior\ReadHtmlCacheBehavior [ RunTime:0.002000s ]
INFO: [ app_begin ] --END-- [ RunTime:0.004000s ]
SQL: SHOW COLUMNS FROM `rolemenu` [ RunTime:0.0050s ]
SQL: SELECT m.menuid,m.name,1 FROM rolemenu rm,menu m WHERE ( rm.menuid = m.menuid and rm.rid = 0 )  [ RunTime:0.0020s ]
SQL: SHOW COLUMNS FROM `menu` [ RunTime:0.0030s ]
SQL: SELECT m.menuid,m.name FROM menu m  [ RunTime:0.0000s ]
NOTIC: [8] Undefined variable: sql C:\Program Files (x86)\webphp\mytyk\Application\Home\Controller\AllocationMenuController.class.php 第 21 行.
NOTIC: [2] addslashes() expects parameter 1 to be string, array given C:\Program Files (x86)\webphp\mytyk\ThinkPHP\Library\Think\Db\Driver.class.php 第 1031 行.
NOTIC: [2] addslashes() expects parameter 1 to be string, array given C:\Program Files (x86)\webphp\mytyk\ThinkPHP\Library\Think\Db\Driver.class.php 第 1031 行.
NOTIC: [2] addslashes() expects parameter 1 to be string, array given C:\Program Files (x86)\webphp\mytyk\ThinkPHP\Library\Think\Db\Driver.class.php 第 1031 行.
NOTIC: [2] addslashes() expects parameter 1 to be string, array given C:\Program Files (x86)\webphp\mytyk\ThinkPHP\Library\Think\Db\Driver.class.php 第 1031 行.
NOTIC: [2] addslashes() expects parameter 1 to be string, array given C:\Program Files (x86)\webphp\mytyk\ThinkPHP\Library\Think\Db\Driver.class.php 第 1031 行.
NOTIC: [2] addslashes() expects parameter 1 to be string, array given C:\Program Files (x86)\webphp\mytyk\ThinkPHP\Library\Think\Db\Driver.class.php 第 1031 行.
NOTIC: [2] addslashes() expects parameter 1 to be string, array given C:\Program Files (x86)\webphp\mytyk\ThinkPHP\Library\Think\Db\Driver.class.php 第 1031 行.
NOTIC: [2] addslashes() expects parameter 1 to be string, array given C:\Program Files (x86)\webphp\mytyk\ThinkPHP\Library\Think\Db\Driver.class.php 第 1031 行.
NOTIC: [2] addslashes() expects parameter 1 to be string, array given C:\Program Files (x86)\webphp\mytyk\ThinkPHP\Library\Think\Db\Driver.class.php 第 1031 行.
NOTIC: [2] addslashes() expects parameter 1 to be string, array given C:\Program Files (x86)\webphp\mytyk\ThinkPHP\Library\Think\Db\Driver.class.php 第 1031 行.
NOTIC: [2] addslashes() expects parameter 1 to be string, array given C:\Program Files (x86)\webphp\mytyk\ThinkPHP\Library\Think\Db\Driver.class.php 第 1031 行.
NOTIC: [2] addslashes() expects parameter 1 to be string, array given C:\Program Files (x86)\webphp\mytyk\ThinkPHP\Library\Think\Db\Driver.class.php 第 1031 行.
NOTIC: [2] addslashes() expects parameter 1 to be string, array given C:\Program Files (x86)\webphp\mytyk\ThinkPHP\Library\Think\Db\Driver.class.php 第 1031 行.
NOTIC: [2] addslashes() expects parameter 1 to be string, array given C:\Program Files (x86)\webphp\mytyk\ThinkPHP\Library\Think\Db\Driver.class.php 第 1031 行.
NOTIC: [2] addslashes() expects parameter 1 to be string, array given C:\Program Files (x86)\webphp\mytyk\ThinkPHP\Library\Think\Db\Driver.class.php 第 1031 行.
NOTIC: [2] addslashes() expects parameter 1 to be string, array given C:\Program Files (x86)\webphp\mytyk\ThinkPHP\Library\Think\Db\Driver.class.php 第 1031 行.
NOTIC: [2] addslashes() expects parameter 1 to be string, array given C:\Program Files (x86)\webphp\mytyk\ThinkPHP\Library\Think\Db\Driver.class.php 第 1031 行.
NOTIC: [2] addslashes() expects parameter 1 to be string, array given C:\Program Files (x86)\webphp\mytyk\ThinkPHP\Library\Think\Db\Driver.class.php 第 1031 行.
NOTIC: [2] addslashes() expects parameter 1 to be string, array given C:\Program Files (x86)\webphp\mytyk\ThinkPHP\Library\Think\Db\Driver.class.php 第 1031 行.
NOTIC: [2] addslashes() expects parameter 1 to be string, array given C:\Program Files (x86)\webphp\mytyk\ThinkPHP\Library\Think\Db\Driver.class.php 第 1031 行.
ERR: 1065:Query was empty
ERR: 1065:Query was empty
NOTIC: [2] Cannot modify header information - headers already sent by (output started at C:\Program Files (x86)\webphp\mytyk\ThinkPHP\Library\Think\Db\Driver.class.php:170) C:\Program Files (x86)\webphp\mytyk\ThinkPHP\Library\Think\Think.class.php 第 229 行.
NOTIC: [2] Cannot modify header information - headers already sent by (output started at C:\Program Files (x86)\webphp\mytyk\ThinkPHP\Library\Think\Db\Driver.class.php:170) C:\Program Files (x86)\webphp\mytyk\ThinkPHP\Library\Think\Think.class.php 第 230 行.

[ 2016-06-21T10:06:59+08:00 ] 127.0.0.1 /mytyk/index.php/Home/Allocation/allocationMenu
INFO: [ app_init ] --START--
INFO: Run Behavior\BuildLiteBehavior [ RunTime:0.001001s ]
INFO: [ app_init ] --END-- [ RunTime:0.004001s ]
INFO: [ app_begin ] --START--
INFO: Run Behavior\ReadHtmlCacheBehavior [ RunTime:0.004000s ]
INFO: [ app_begin ] --END-- [ RunTime:0.007000s ]
INFO: [ view_parse ] --START--
INFO: [ template_filter ] --START--
INFO: Run Behavior\ContentReplaceBehavior [ RunTime:0.001000s ]
INFO: [ template_filter ] --END-- [ RunTime:0.003000s ]
INFO: Run Behavior\ParseTemplateBehavior [ RunTime:0.041002s ]
INFO: [ view_parse ] --END-- [ RunTime:0.045003s ]
INFO: [ view_filter ] --START--
INFO: Run Behavior\WriteHtmlCacheBehavior [ RunTime:0.003000s ]
INFO: [ view_filter ] --END-- [ RunTime:0.006000s ]
INFO: [ app_end ] --START--
INFO: Run Behavior\ShowPageTraceBehavior [ RunTime:0.001000s ]
INFO: [ app_end ] --END-- [ RunTime:0.006000s ]

[ 2016-06-21T10:07:01+08:00 ] 127.0.0.1 /mytyk/index.php/Home/Allocation/loadMenuByPage/pageNo/1/pageSize/10?page=1&rows=10
INFO: [ app_init ] --START--
INFO: Run Behavior\BuildLiteBehavior [ RunTime:0.001000s ]
INFO: [ app_init ] --END-- [ RunTime:0.004000s ]
INFO: [ app_begin ] --START--
INFO: Run Behavior\ReadHtmlCacheBehavior [ RunTime:0.002000s ]
INFO: [ app_begin ] --END-- [ RunTime:0.004000s ]
SQL: SHOW COLUMNS FROM `role` [ RunTime:0.0080s ]
SQL: SELECT * FROM `role`  [ RunTime:0.0000s ]
SQL: SHOW COLUMNS FROM `role` [ RunTime:0.0090s ]
SQL: SELECT count(*) aa FROM `role`  [ RunTime:0.0010s ]

[ 2016-06-21T10:07:04+08:00 ] 127.0.0.1 /mytyk/index.php/Home/AllocationMenu/menuAllocation/rid/undefined
INFO: [ app_init ] --START--
INFO: Run Behavior\BuildLiteBehavior [ RunTime:0.000000s ]
INFO: [ app_init ] --END-- [ RunTime:0.003000s ]
INFO: [ app_begin ] --START--
INFO: Run Behavior\ReadHtmlCacheBehavior [ RunTime:0.003000s ]
INFO: [ app_begin ] --END-- [ RunTime:0.005000s ]
SQL: SHOW COLUMNS FROM `rolemenu` [ RunTime:0.0080s ]
SQL: SELECT m.menuid,m.name,1 FROM rolemenu rm,menu m WHERE ( rm.menuid = m.menuid and rm.rid = 0 )  [ RunTime:0.0000s ]
SQL: SHOW COLUMNS FROM `menu` [ RunTime:0.0050s ]
SQL: SELECT m.menuid,m.name FROM menu m  [ RunTime:0.0010s ]
INFO: [ view_parse ] --START--
NOTIC: [2] simplexml_load_string(): Entity: line 1: parser error : error parsing attribute name C:\Program Files (x86)\webphp\mytyk\ThinkPHP\Library\Think\Template\TagLib.class.php 第 80 行.
NOTIC: [2] simplexml_load_string(): &lt;tpl&gt;&lt;tag condition=&quot;$data.1 eq 1&quot; / /&gt;&lt;/tpl&gt; C:\Program Files (x86)\webphp\mytyk\ThinkPHP\Library\Think\Template\TagLib.class.php 第 80 行.
NOTIC: [2] simplexml_load_string():                                    ^ C:\Program Files (x86)\webphp\mytyk\ThinkPHP\Library\Think\Template\TagLib.class.php 第 80 行.
NOTIC: [2] simplexml_load_string(): Entity: line 1: parser error : attributes construct error C:\Program Files (x86)\webphp\mytyk\ThinkPHP\Library\Think\Template\TagLib.class.php 第 80 行.
NOTIC: [2] simplexml_load_string(): &lt;tpl&gt;&lt;tag condition=&quot;$data.1 eq 1&quot; / /&gt;&lt;/tpl&gt; C:\Program Files (x86)\webphp\mytyk\ThinkPHP\Library\Think\Template\TagLib.class.php 第 80 行.
NOTIC: [2] simplexml_load_string():                                    ^ C:\Program Files (x86)\webphp\mytyk\ThinkPHP\Library\Think\Template\TagLib.class.php 第 80 行.
NOTIC: [2] simplexml_load_string(): Entity: line 1: parser error : Couldn't find end of Start Tag tag line 1 C:\Program Files (x86)\webphp\mytyk\ThinkPHP\Library\Think\Template\TagLib.class.php 第 80 行.
NOTIC: [2] simplexml_load_string(): &lt;tpl&gt;&lt;tag condition=&quot;$data.1 eq 1&quot; / /&gt;&lt;/tpl&gt; C:\Program Files (x86)\webphp\mytyk\ThinkPHP\Library\Think\Template\TagLib.class.php 第 80 行.
NOTIC: [2] simplexml_load_string():                                    ^ C:\Program Files (x86)\webphp\mytyk\ThinkPHP\Library\Think\Template\TagLib.class.php 第 80 行.
ERR: XML标签语法错误 : condition="$data.1 eq 1" /

